[wanxinp2p-consumer-service][${env:SERVER_PORT}] 2022-04-04 21:36:29,707 INFO [main][DefaultApplicationProvider.java:85] - App ID is set to consumer-service by app.id property from System Property
[wanxinp2p-consumer-service][${env:SERVER_PORT}] 2022-04-04 21:36:29,712 INFO [main][DefaultServerProvider.java:108] - Environment is set to [dev] by JVM system property 'env'.
[wanxinp2p-consumer-service][${env:SERVER_PORT}] 2022-04-04 21:36:29,748 WARN [main][DefaultMetaServerProvider.java:39] - Could not find meta server address, because it is not available in neither (1) JVM system property 'apollo.meta', (2) OS env variable 'APOLLO_META' (3) property 'apollo.meta' from server.properties nor (4) property 'apollo.meta' from app.properties
[wanxinp2p-consumer-service][${env:SERVER_PORT}] 2022-04-04 21:36:29,753 INFO [main][MetaDomainConsts.java:93] - Located meta server address http://localhost:8080 for env DEV from com.ctrip.framework.apollo.core.internals.LegacyMetaServerProvider
[wanxinp2p-consumer-service][${env:SERVER_PORT}] 2022-04-04 21:36:39,636 INFO [main][SpringApplication.java:675] - No active profile set, falling back to default profiles: default
[wanxinp2p-consumer-service][${env:SERVER_PORT}] 2022-04-04 21:36:40,592 INFO [main][RepositoryConfigurationDelegate.java:244] - Multiple Spring Data modules found, entering strict repository configuration mode!
[wanxinp2p-consumer-service][${env:SERVER_PORT}] 2022-04-04 21:36:40,594 INFO [main][RepositoryConfigurationDelegate.java:126] - Bootstrapping Spring Data repositories in DEFAULT mode.
[wanxinp2p-consumer-service][${env:SERVER_PORT}] 2022-04-04 21:36:40,619 INFO [main][RepositoryConfigurationDelegate.java:182] - Finished Spring Data repository scanning in 13ms. Found 0 repository interfaces.
[wanxinp2p-consumer-service][${env:SERVER_PORT}] 2022-04-04 21:36:40,705 WARN [main][EndpointId.java:135] - Endpoint ID 'service-registry' contains invalid characters, please migrate to a valid format.
[wanxinp2p-consumer-service][${env:SERVER_PORT}] 2022-04-04 21:36:40,769 INFO [main][ConfigurationClassPostProcessor.java:380] - Cannot enhance @Configuration bean definition 'com.ctrip.framework.apollo.spring.boot.ApolloAutoConfiguration' since its singleton instance has been created too early. The typical cause is a non-static @Bean method with a BeanDefinitionRegistryPostProcessor return type: Consider declaring such methods as 'static'.
[wanxinp2p-consumer-service][${env:SERVER_PORT}] 2022-04-04 21:36:40,892 INFO [main][GenericScope.java:294] - BeanFactory id=9a141041-9b37-39b4-a25e-9745c141608b
[wanxinp2p-consumer-service][${env:SERVER_PORT}] 2022-04-04 21:36:40,911 WARN [main][PropertySourcesDeducer.java:75] - Multiple PropertySourcesPlaceholderConfigurer beans registered [propertySourcesPlaceholderConfigurer, org.springframework.context.support.PropertySourcesPlaceholderConfigurer], falling back to Environment
[wanxinp2p-consumer-service][${env:SERVER_PORT}] 2022-04-04 21:36:40,923 INFO [main][PostProcessorRegistrationDelegate.java:330] - Bean 'cn.itcast.wanxinp2p.consumer.agent.AccountApiAgent' of type [org.springframework.cloud.openfeign.FeignClientFactoryBean] is not eligible for getting processed by all BeanPostProcessors (for example: not eligible for auto-proxying)
[wanxinp2p-consumer-service][${env:SERVER_PORT}] 2022-04-04 21:36:40,937 INFO [main][PostProcessorRegistrationDelegate.java:330] - Bean 'com.alibaba.druid.spring.boot.autoconfigure.stat.DruidSpringAopConfiguration' of type [com.alibaba.druid.spring.boot.autoconfigure.stat.DruidSpringAopConfiguration] is not eligible for getting processed by all BeanPostProcessors (for example: not eligible for auto-proxying)
[wanxinp2p-consumer-service][${env:SERVER_PORT}] 2022-04-04 21:36:40,946 INFO [main][PostProcessorRegistrationDelegate.java:330] - Bean 'org.apache.rocketmq.spring.autoconfigure.RocketMQAutoConfiguration' of type [org.apache.rocketmq.spring.autoconfigure.RocketMQAutoConfiguration$$EnhancerBySpringCGLIB$$9ea27a96] is not eligible for getting processed by all BeanPostProcessors (for example: not eligible for auto-proxying)
[wanxinp2p-consumer-service][${env:SERVER_PORT}] 2022-04-04 21:36:40,958 INFO [main][PostProcessorRegistrationDelegate.java:330] - Bean 'rocketmq-org.apache.rocketmq.spring.autoconfigure.RocketMQProperties' of type [org.apache.rocketmq.spring.autoconfigure.RocketMQProperties] is not eligible for getting processed by all BeanPostProcessors (for example: not eligible for auto-proxying)
[wanxinp2p-consumer-service][${env:SERVER_PORT}] 2022-04-04 21:36:42,017 INFO [main][PostProcessorRegistrationDelegate.java:330] - Bean 'defaultMQProducer' of type [org.apache.rocketmq.client.producer.DefaultMQProducer] is not eligible for getting processed by all BeanPostProcessors (for example: not eligible for auto-proxying)
[wanxinp2p-consumer-service][${env:SERVER_PORT}] 2022-04-04 21:36:42,019 INFO [main][PostProcessorRegistrationDelegate.java:330] - Bean 'org.springframework.boot.autoconfigure.jackson.JacksonAutoConfiguration$JacksonObjectMapperConfiguration' of type [org.springframework.boot.autoconfigure.jackson.JacksonAutoConfiguration$JacksonObjectMapperConfiguration$$EnhancerBySpringCGLIB$$d19feb2b] is not eligible for getting processed by all BeanPostProcessors (for example: not eligible for auto-proxying)
[wanxinp2p-consumer-service][${env:SERVER_PORT}] 2022-04-04 21:36:42,022 INFO [main][PostProcessorRegistrationDelegate.java:330] - Bean 'org.springframework.boot.autoconfigure.jackson.JacksonAutoConfiguration$JacksonObjectMapperBuilderConfiguration' of type [org.springframework.boot.autoconfigure.jackson.JacksonAutoConfiguration$JacksonObjectMapperBuilderConfiguration$$EnhancerBySpringCGLIB$$83ecad44] is not eligible for getting processed by all BeanPostProcessors (for example: not eligible for auto-proxying)
[wanxinp2p-consumer-service][${env:SERVER_PORT}] 2022-04-04 21:36:42,025 INFO [main][PostProcessorRegistrationDelegate.java:330] - Bean 'org.springframework.boot.autoconfigure.jackson.JacksonAutoConfiguration$Jackson2ObjectMapperBuilderCustomizerConfiguration' of type [org.springframework.boot.autoconfigure.jackson.JacksonAutoConfiguration$Jackson2ObjectMapperBuilderCustomizerConfiguration$$EnhancerBySpringCGLIB$$3f039333] is not eligible for getting processed by all BeanPostProcessors (for example: not eligible for auto-proxying)
[wanxinp2p-consumer-service][${env:SERVER_PORT}] 2022-04-04 21:36:42,030 INFO [main][PostProcessorRegistrationDelegate.java:330] - Bean 'spring.jackson-org.springframework.boot.autoconfigure.jackson.JacksonProperties' of type [org.springframework.boot.autoconfigure.jackson.JacksonProperties] is not eligible for getting processed by all BeanPostProcessors (for example: not eligible for auto-proxying)
[wanxinp2p-consumer-service][${env:SERVER_PORT}] 2022-04-04 21:36:42,032 INFO [main][PostProcessorRegistrationDelegate.java:330] - Bean 'standardJacksonObjectMapperBuilderCustomizer' of type [org.springframework.boot.autoconfigure.jackson.JacksonAutoConfiguration$Jackson2ObjectMapperBuilderCustomizerConfiguration$StandardJackson2ObjectMapperBuilderCustomizer] is not eligible for getting processed by all BeanPostProcessors (for example: not eligible for auto-proxying)
[wanxinp2p-consumer-service][${env:SERVER_PORT}] 2022-04-04 21:36:42,037 INFO [main][PostProcessorRegistrationDelegate.java:330] - Bean 'org.springframework.boot.autoconfigure.jackson.JacksonAutoConfiguration$ParameterNamesModuleConfiguration' of type [org.springframework.boot.autoconfigure.jackson.JacksonAutoConfiguration$ParameterNamesModuleConfiguration$$EnhancerBySpringCGLIB$$65cf0a61] is not eligible for getting processed by all BeanPostProcessors (for example: not eligible for auto-proxying)
[wanxinp2p-consumer-service][${env:SERVER_PORT}] 2022-04-04 21:36:42,043 INFO [main][PostProcessorRegistrationDelegate.java:330] - Bean 'parameterNamesModule' of type [com.fasterxml.jackson.module.paramnames.ParameterNamesModule] is not eligible for getting processed by all BeanPostProcessors (for example: not eligible for auto-proxying)
[wanxinp2p-consumer-service][${env:SERVER_PORT}] 2022-04-04 21:36:42,044 INFO [main][PostProcessorRegistrationDelegate.java:330] - Bean 'org.springframework.boot.autoconfigure.jackson.JacksonAutoConfiguration' of type [org.springframework.boot.autoconfigure.jackson.JacksonAutoConfiguration$$EnhancerBySpringCGLIB$$b3ab88ba] is not eligible for getting processed by all BeanPostProcessors (for example: not eligible for auto-proxying)
[wanxinp2p-consumer-service][${env:SERVER_PORT}] 2022-04-04 21:36:42,080 INFO [main][PostProcessorRegistrationDelegate.java:330] - Bean 'jsonComponentModule' of type [org.springframework.boot.jackson.JsonComponentModule] is not eligible for getting processed by all BeanPostProcessors (for example: not eligible for auto-proxying)
[wanxinp2p-consumer-service][${env:SERVER_PORT}] 2022-04-04 21:36:42,081 INFO [main][PostProcessorRegistrationDelegate.java:330] - Bean 'org.springframework.data.web.config.SpringDataJacksonConfiguration' of type [org.springframework.data.web.config.SpringDataJacksonConfiguration] is not eligible for getting processed by all BeanPostProcessors (for example: not eligible for auto-proxying)
[wanxinp2p-consumer-service][${env:SERVER_PORT}] 2022-04-04 21:36:42,084 INFO [main][PostProcessorRegistrationDelegate.java:330] - Bean 'jacksonGeoModule' of type [org.springframework.data.geo.GeoModule] is not eligible for getting processed by all BeanPostProcessors (for example: not eligible for auto-proxying)
[wanxinp2p-consumer-service][${env:SERVER_PORT}] 2022-04-04 21:36:42,088 INFO [main][PostProcessorRegistrationDelegate.java:330] - Bean 'jacksonObjectMapperBuilder' of type [org.springframework.http.converter.json.Jackson2ObjectMapperBuilder] is not eligible for getting processed by all BeanPostProcessors (for example: not eligible for auto-proxying)
[wanxinp2p-consumer-service][${env:SERVER_PORT}] 2022-04-04 21:36:42,107 INFO [main][PostProcessorRegistrationDelegate.java:330] - Bean 'jacksonObjectMapper' of type [com.fasterxml.jackson.databind.ObjectMapper] is not eligible for getting processed by all BeanPostProcessors (for example: not eligible for auto-proxying)
[wanxinp2p-consumer-service][${env:SERVER_PORT}] 2022-04-04 21:36:45,069 INFO [main][PostProcessorRegistrationDelegate.java:330] - Bean 'rocketMQTemplate' of type [org.apache.rocketmq.spring.core.RocketMQTemplate] is not eligible for getting processed by all BeanPostProcessors (for example: not eligible for auto-proxying)
[wanxinp2p-consumer-service][${env:SERVER_PORT}] 2022-04-04 21:36:45,071 INFO [main][PostProcessorRegistrationDelegate.java:330] - Bean 'transactionHandlerRegistry' of type [org.apache.rocketmq.spring.config.TransactionHandlerRegistry] is not eligible for getting processed by all BeanPostProcessors (for example: not eligible for auto-proxying)
[wanxinp2p-consumer-service][${env:SERVER_PORT}] 2022-04-04 21:36:45,118 INFO [main][PostProcessorRegistrationDelegate.java:330] - Bean 'org.springframework.transaction.annotation.ProxyTransactionManagementConfiguration' of type [org.springframework.transaction.annotation.ProxyTransactionManagementConfiguration$$EnhancerBySpringCGLIB$$760c6b9a] is not eligible for getting processed by all BeanPostProcessors (for example: not eligible for auto-proxying)
[wanxinp2p-consumer-service][${env:SERVER_PORT}] 2022-04-04 21:36:45,145 INFO [main][PostProcessorRegistrationDelegate.java:330] - Bean 'spring.datasource.druid-com.alibaba.druid.spring.boot.autoconfigure.properties.DruidStatProperties' of type [com.alibaba.druid.spring.boot.autoconfigure.properties.DruidStatProperties] is not eligible for getting processed by all BeanPostProcessors (for example: not eligible for auto-proxying)
[wanxinp2p-consumer-service][${env:SERVER_PORT}] 2022-04-04 21:36:45,153 INFO [main][PostProcessorRegistrationDelegate.java:330] - Bean 'advisor' of type [org.springframework.aop.support.RegexpMethodPointcutAdvisor] is not eligible for getting processed by all BeanPostProcessors (for example: not eligible for auto-proxying)
[wanxinp2p-consumer-service][${env:SERVER_PORT}] 2022-04-04 21:36:45,163 INFO [main][PostProcessorRegistrationDelegate.java:330] - Bean 'org.springframework.cloud.autoconfigure.ConfigurationPropertiesRebinderAutoConfiguration' of type [org.springframework.cloud.autoconfigure.ConfigurationPropertiesRebinderAutoConfiguration$$EnhancerBySpringCGLIB$$92266e97] is not eligible for getting processed by all BeanPostProcessors (for example: not eligible for auto-proxying)
[wanxinp2p-consumer-service][${env:SERVER_PORT}] 2022-04-04 21:36:45,437 INFO [main][TomcatWebServer.java:90] - Tomcat initialized with port(s): 53050 (http)
[wanxinp2p-consumer-service][${env:SERVER_PORT}] 2022-04-04 21:36:45,450 INFO [main][DirectJDKLog.java:173] - Initializing ProtocolHandler ["http-nio-53050"]
[wanxinp2p-consumer-service][${env:SERVER_PORT}] 2022-04-04 21:36:45,458 INFO [main][DirectJDKLog.java:173] - Starting service [Tomcat]
[wanxinp2p-consumer-service][${env:SERVER_PORT}] 2022-04-04 21:36:45,459 INFO [main][DirectJDKLog.java:173] - Starting Servlet engine: [Apache Tomcat/9.0.16]
[wanxinp2p-consumer-service][${env:SERVER_PORT}] 2022-04-04 21:36:45,464 INFO [main][DirectJDKLog.java:173] - The APR based Apache Tomcat Native library which allows optimal performance in production environments was not found on the java.library.path: [C:\Program Files\Java\jdk1.8.0_261\bin;C:\Windows\Sun\Java\bin;C:\Windows\system32;C:\Windows;C:\Program Files\Python27\;C:\Program Files\Python27\Scripts;C:\Program Files (x86)\Common Files\Oracle\Java\javapath;C:\Program Files\Common Files\Oracle\Java\javapath;C:\Program Files\Eclipse Foundation\jdk-11.0.12.7-hotspot\bin;C:\Program Files (x86)\RSA SecurID Token Common;C:\Windows\system32;C:\Windows;C:\Windows\System32\Wbem;C:\Windows\System32\WindowsPowerShell\v1.0\;C:\Windows\System32\OpenSSH\;C:\Program Files\NVIDIA Corporation\NVIDIA NvDLISR;D:\software\mysql-8.0.21-winx64\bin;D:\software\TortoiseSVN\bin;D:\software\instantclient_11_2;D:\software\software_2\node.js\;C:\ProgramData\chocolatey\bin;D:\compileEnv\mingw64\bin;D:\software\Git\cmd;D:\software\Redis\;C:\Program Files\Java\jdk1.8.0_261\bin;D:\software\apache-maven-3.6.3-bin\apache-maven-3.6.3\bin;C:\Users\DELL\AppData\Local\Microsoft\WindowsApps;D:\software\mysql-8.0.21-winx64\bin;D:\software\software_2\vscode\Microsoft VS Code\bin;C:\Users\DELL\AppData\Roaming\npm;D:\compileEnv\mingw64\bin;;D:\software\idea\IntelliJ IDEA 2021.1\bin;;D:\software\GitHub CLI\;.]
[wanxinp2p-consumer-service][${env:SERVER_PORT}] 2022-04-04 21:36:45,638 INFO [main][DirectJDKLog.java:173] - Initializing Spring embedded WebApplicationContext
[wanxinp2p-consumer-service][${env:SERVER_PORT}] 2022-04-04 21:36:45,638 INFO [main][ServletWebServerApplicationContext.java:296] - Root WebApplicationContext: initialization completed in 5986 ms
[wanxinp2p-consumer-service][${env:SERVER_PORT}] 2022-04-04 21:36:45,760 WARN [main][URLConfigurationSource.java:121] - No URLs will be polled as dynamic configuration sources.
[wanxinp2p-consumer-service][${env:SERVER_PORT}] 2022-04-04 21:36:45,761 INFO [main][URLConfigurationSource.java:122] - To enable URLs as dynamic configuration sources, define System property archaius.configurationSource.additionalUrls or make config.properties available on classpath.
[wanxinp2p-consumer-service][${env:SERVER_PORT}] 2022-04-04 21:36:45,770 INFO [main][DynamicPropertyFactory.java:281] - DynamicPropertyFactory is initialized with configuration sources: com.netflix.config.ConcurrentCompositeConfiguration@1c2fb9e8
[wanxinp2p-consumer-service][${env:SERVER_PORT}] 2022-04-04 21:36:45,889 INFO [main][DruidDataSourceAutoConfigure.java:56] - Init DruidDataSource
[wanxinp2p-consumer-service][${env:SERVER_PORT}] 2022-04-04 21:36:46,152 INFO [main][DruidDataSource.java:1002] - {dataSource-1} inited
[wanxinp2p-consumer-service][${env:SERVER_PORT}] 2022-04-04 21:36:47,185 INFO [NettyClientSelector_1][Slf4jLoggerFactory.java:95] - closeChannel: close the connection to remote address[] result: true
[wanxinp2p-consumer-service][${env:SERVER_PORT}] 2022-04-04 21:36:47,185 INFO [NettyClientSelector_1][Slf4jLoggerFactory.java:95] - closeChannel: close the connection to remote address[] result: true
[wanxinp2p-consumer-service][${env:SERVER_PORT}] 2022-04-04 21:36:48,036 INFO [main][InetUtils.java:170] - Cannot determine local hostname
[wanxinp2p-consumer-service][${env:SERVER_PORT}] 2022-04-04 21:36:49,303 INFO [main][EndpointLinksResolver.java:59] - Exposing 2 endpoint(s) beneath base path '/actuator'
[wanxinp2p-consumer-service][${env:SERVER_PORT}] 2022-04-04 21:36:49,377 INFO [main][PropertySourcedRequestMappingHandlerMapping.java:69] - Mapped URL path [/v2/api-docs] onto method [public org.springframework.http.ResponseEntity<springfox.documentation.spring.web.json.Json> springfox.documentation.swagger2.web.Swagger2Controller.getDocumentation(java.lang.String,javax.servlet.http.HttpServletRequest)]
[wanxinp2p-consumer-service][${env:SERVER_PORT}] 2022-04-04 21:36:49,386 WARN [main][URLConfigurationSource.java:121] - No URLs will be polled as dynamic configuration sources.
[wanxinp2p-consumer-service][${env:SERVER_PORT}] 2022-04-04 21:36:49,387 INFO [main][URLConfigurationSource.java:122] - To enable URLs as dynamic configuration sources, define System property archaius.configurationSource.additionalUrls or make config.properties available on classpath.
[wanxinp2p-consumer-service][${env:SERVER_PORT}] 2022-04-04 21:36:49,483 INFO [main][ExecutorConfigurationSupport.java:171] - Initializing ExecutorService 'applicationTaskExecutor'
[wanxinp2p-consumer-service][${env:SERVER_PORT}] 2022-04-04 21:36:51,689 INFO [main][InetUtils.java:170] - Cannot determine local hostname
[wanxinp2p-consumer-service][${env:SERVER_PORT}] 2022-04-04 21:36:51,860 INFO [main][InstanceInfoFactory.java:71] - Setting initial instance status as: STARTING
[wanxinp2p-consumer-service][${env:SERVER_PORT}] 2022-04-04 21:36:51,888 INFO [main][DiscoveryClient.java:349] - Initializing Eureka in region us-east-1
[wanxinp2p-consumer-service][${env:SERVER_PORT}] 2022-04-04 21:36:52,559 INFO [main][DiscoveryJerseyProvider.java:70] - Using JSON encoding codec LegacyJacksonJson
[wanxinp2p-consumer-service][${env:SERVER_PORT}] 2022-04-04 21:36:52,560 INFO [main][DiscoveryJerseyProvider.java:71] - Using JSON decoding codec LegacyJacksonJson
[wanxinp2p-consumer-service][${env:SERVER_PORT}] 2022-04-04 21:36:52,649 INFO [main][DiscoveryJerseyProvider.java:80] - Using XML encoding codec XStreamXml
[wanxinp2p-consumer-service][${env:SERVER_PORT}] 2022-04-04 21:36:52,649 INFO [main][DiscoveryJerseyProvider.java:81] - Using XML decoding codec XStreamXml
[wanxinp2p-consumer-service][${env:SERVER_PORT}] 2022-04-04 21:36:52,851 INFO [main][ConfigClusterResolver.java:43] - Resolving eureka endpoints via configuration
[wanxinp2p-consumer-service][${env:SERVER_PORT}] 2022-04-04 21:36:53,374 INFO [main][DiscoveryClient.java:958] - Disable delta property : false
[wanxinp2p-consumer-service][${env:SERVER_PORT}] 2022-04-04 21:36:53,375 INFO [main][DiscoveryClient.java:959] - Single vip registry refresh property : null
[wanxinp2p-consumer-service][${env:SERVER_PORT}] 2022-04-04 21:36:53,375 INFO [main][DiscoveryClient.java:960] - Force full registry fetch : false
[wanxinp2p-consumer-service][${env:SERVER_PORT}] 2022-04-04 21:36:53,375 INFO [main][DiscoveryClient.java:961] - Application is null : false
[wanxinp2p-consumer-service][${env:SERVER_PORT}] 2022-04-04 21:36:53,375 INFO [main][DiscoveryClient.java:962] - Registered Applications size is zero : true
[wanxinp2p-consumer-service][${env:SERVER_PORT}] 2022-04-04 21:36:53,375 INFO [main][DiscoveryClient.java:964] - Application version is -1: true
[wanxinp2p-consumer-service][${env:SERVER_PORT}] 2022-04-04 21:36:53,375 INFO [main][DiscoveryClient.java:1047] - Getting all instance registry info from the eureka server
[wanxinp2p-consumer-service][${env:SERVER_PORT}] 2022-04-04 21:36:53,509 INFO [main][DiscoveryClient.java:1056] - The response status is 200
[wanxinp2p-consumer-service][${env:SERVER_PORT}] 2022-04-04 21:36:53,511 INFO [main][DiscoveryClient.java:1270] - Starting heartbeat executor: renew interval is: 30
[wanxinp2p-consumer-service][${env:SERVER_PORT}] 2022-04-04 21:36:53,514 INFO [main][InstanceInfoReplicator.java:60] - InstanceInfoReplicator onDemand update allowed rate per min is 4
[wanxinp2p-consumer-service][${env:SERVER_PORT}] 2022-04-04 21:36:53,516 INFO [main][DiscoveryClient.java:449] - Discovery Client initialized at timestamp 1649079413516 with initial instances count: 1
[wanxinp2p-consumer-service][${env:SERVER_PORT}] 2022-04-04 21:36:53,518 INFO [main][EurekaServiceRegistry.java:42] - Registering application CONSUMER-SERVICE with eureka with status UP
[wanxinp2p-consumer-service][${env:SERVER_PORT}] 2022-04-04 21:36:53,519 INFO [main][DiscoveryClient.java:1305] - Saw local status change event StatusChangeEvent [timestamp=1649079413519, current=UP, previous=STARTING]
[wanxinp2p-consumer-service][${env:SERVER_PORT}] 2022-04-04 21:36:53,520 INFO [main][DocumentationPluginsBootstrapper.java:160] - Context refreshed
[wanxinp2p-consumer-service][${env:SERVER_PORT}] 2022-04-04 21:36:53,520 INFO [DiscoveryClient-InstanceInfoReplicator-0][DiscoveryClient.java:826] - DiscoveryClient_CONSUMER-SERVICE/consumer-service:192.168.56.1:53050: registering service...
[wanxinp2p-consumer-service][${env:SERVER_PORT}] 2022-04-04 21:36:53,531 INFO [main][DocumentationPluginsBootstrapper.java:163] - Found 1 custom documentation plugin(s)
[wanxinp2p-consumer-service][${env:SERVER_PORT}] 2022-04-04 21:36:53,548 INFO [DiscoveryClient-InstanceInfoReplicator-0][DiscoveryClient.java:835] - DiscoveryClient_CONSUMER-SERVICE/consumer-service:192.168.56.1:53050 - registration status: 204
[wanxinp2p-consumer-service][${env:SERVER_PORT}] 2022-04-04 21:36:53,558 INFO [main][ApiListingReferenceScanner.java:41] - Scanning for api listing references
[wanxinp2p-consumer-service][${env:SERVER_PORT}] 2022-04-04 21:36:53,659 INFO [main][CachingOperationNameGenerator.java:40] - Generating unique operation named: handleUsingGET_1
[wanxinp2p-consumer-service][${env:SERVER_PORT}] 2022-04-04 21:36:53,660 INFO [main][CachingOperationNameGenerator.java:40] - Generating unique operation named: handleUsingGET_2
[wanxinp2p-consumer-service][${env:SERVER_PORT}] 2022-04-04 21:36:53,661 INFO [main][CachingOperationNameGenerator.java:40] - Generating unique operation named: handleUsingGET_3
[wanxinp2p-consumer-service][${env:SERVER_PORT}] 2022-04-04 21:36:53,681 INFO [main][DirectJDKLog.java:173] - Starting ProtocolHandler ["http-nio-53050"]
[wanxinp2p-consumer-service][${env:SERVER_PORT}] 2022-04-04 21:36:53,694 INFO [main][TomcatWebServer.java:204] - Tomcat started on port(s): 53050 (http) with context path '/consumer'
[wanxinp2p-consumer-service][${env:SERVER_PORT}] 2022-04-04 21:36:53,695 INFO [main][EurekaAutoServiceRegistration.java:141] - Updating port to 53050
[wanxinp2p-consumer-service][${env:SERVER_PORT}] 2022-04-04 21:36:53,697 INFO [main][StartupInfoLogger.java:59] - Started ConsumerService in 28.324 seconds (JVM running for 29.938)
[wanxinp2p-consumer-service][${env:SERVER_PORT}] 2022-04-04 21:36:55,270 INFO [RMI TCP Connection(3)-192.168.56.1][DirectJDKLog.java:173] - Initializing Spring DispatcherServlet 'dispatcherServlet'
[wanxinp2p-consumer-service][${env:SERVER_PORT}] 2022-04-04 21:36:55,270 INFO [RMI TCP Connection(3)-192.168.56.1][FrameworkServlet.java:524] - Initializing Servlet 'dispatcherServlet'
[wanxinp2p-consumer-service][${env:SERVER_PORT}] 2022-04-04 21:36:55,281 INFO [RMI TCP Connection(3)-192.168.56.1][FrameworkServlet.java:546] - Completed initialization in 11 ms
[wanxinp2p-consumer-service][${env:SERVER_PORT}] 2022-04-04 21:37:15,721 INFO [NettyClientSelector_1][Slf4jLoggerFactory.java:95] - closeChannel: close the connection to remote address[] result: true
[wanxinp2p-consumer-service][${env:SERVER_PORT}] 2022-04-04 21:37:17,083 INFO [NettyClientSelector_1][Slf4jLoggerFactory.java:95] - closeChannel: close the connection to remote address[] result: true
[wanxinp2p-consumer-service][${env:SERVER_PORT}] 2022-04-04 21:37:45,722 INFO [NettyClientSelector_1][Slf4jLoggerFactory.java:95] - closeChannel: close the connection to remote address[] result: true
[wanxinp2p-consumer-service][${env:SERVER_PORT}] 2022-04-04 21:37:47,089 INFO [NettyClientSelector_1][Slf4jLoggerFactory.java:95] - closeChannel: close the connection to remote address[] result: true
[wanxinp2p-consumer-service][${env:SERVER_PORT}] 2022-04-04 21:38:15,719 INFO [NettyClientSelector_1][Slf4jLoggerFactory.java:95] - closeChannel: close the connection to remote address[] result: true
[wanxinp2p-consumer-service][${env:SERVER_PORT}] 2022-04-04 21:38:17,085 INFO [NettyClientSelector_1][Slf4jLoggerFactory.java:95] - closeChannel: close the connection to remote address[] result: true
[wanxinp2p-consumer-service][${env:SERVER_PORT}] 2022-04-04 21:38:45,719 INFO [NettyClientSelector_1][Slf4jLoggerFactory.java:95] - closeChannel: close the connection to remote address[] result: true
[wanxinp2p-consumer-service][${env:SERVER_PORT}] 2022-04-04 21:38:47,085 INFO [NettyClientSelector_1][Slf4jLoggerFactory.java:95] - closeChannel: close the connection to remote address[] result: true
[wanxinp2p-consumer-service][${env:SERVER_PORT}] 2022-04-04 21:39:15,718 INFO [NettyClientSelector_1][Slf4jLoggerFactory.java:95] - closeChannel: close the connection to remote address[] result: true
[wanxinp2p-consumer-service][${env:SERVER_PORT}] 2022-04-04 21:39:17,083 INFO [NettyClientSelector_1][Slf4jLoggerFactory.java:95] - closeChannel: close the connection to remote address[] result: true
[wanxinp2p-consumer-service][${env:SERVER_PORT}] 2022-04-04 21:39:45,720 INFO [NettyClientSelector_1][Slf4jLoggerFactory.java:95] - closeChannel: close the connection to remote address[] result: true
[wanxinp2p-consumer-service][${env:SERVER_PORT}] 2022-04-04 21:39:47,082 INFO [NettyClientSelector_1][Slf4jLoggerFactory.java:95] - closeChannel: close the connection to remote address[] result: true
[wanxinp2p-consumer-service][${env:SERVER_PORT}] 2022-04-04 21:40:15,719 INFO [NettyClientSelector_1][Slf4jLoggerFactory.java:95] - closeChannel: close the connection to remote address[] result: true
[wanxinp2p-consumer-service][${env:SERVER_PORT}] 2022-04-04 21:40:17,085 INFO [NettyClientSelector_1][Slf4jLoggerFactory.java:95] - closeChannel: close the connection to remote address[] result: true
[wanxinp2p-consumer-service][${env:SERVER_PORT}] 2022-04-04 21:40:45,721 INFO [NettyClientSelector_1][Slf4jLoggerFactory.java:95] - closeChannel: close the connection to remote address[] result: true
[wanxinp2p-consumer-service][${env:SERVER_PORT}] 2022-04-04 21:40:47,083 INFO [NettyClientSelector_1][Slf4jLoggerFactory.java:95] - closeChannel: close the connection to remote address[] result: true
[wanxinp2p-consumer-service][${env:SERVER_PORT}] 2022-04-04 21:41:15,720 INFO [NettyClientSelector_1][Slf4jLoggerFactory.java:95] - closeChannel: close the connection to remote address[] result: true
[wanxinp2p-consumer-service][${env:SERVER_PORT}] 2022-04-04 21:41:17,083 INFO [NettyClientSelector_1][Slf4jLoggerFactory.java:95] - closeChannel: close the connection to remote address[] result: true
[wanxinp2p-consumer-service][${env:SERVER_PORT}] 2022-04-04 21:41:45,720 INFO [NettyClientSelector_1][Slf4jLoggerFactory.java:95] - closeChannel: close the connection to remote address[] result: true
[wanxinp2p-consumer-service][${env:SERVER_PORT}] 2022-04-04 21:41:47,094 INFO [NettyClientSelector_1][Slf4jLoggerFactory.java:95] - closeChannel: close the connection to remote address[] result: true
[wanxinp2p-consumer-service][${env:SERVER_PORT}] 2022-04-04 21:41:53,378 INFO [AsyncResolver-bootstrap-executor-0][ConfigClusterResolver.java:43] - Resolving eureka endpoints via configuration
[wanxinp2p-consumer-service][${env:SERVER_PORT}] 2022-04-04 21:42:15,718 INFO [NettyClientSelector_1][Slf4jLoggerFactory.java:95] - closeChannel: close the connection to remote address[] result: true
[wanxinp2p-consumer-service][${env:SERVER_PORT}] 2022-04-04 21:42:17,082 INFO [NettyClientSelector_1][Slf4jLoggerFactory.java:95] - closeChannel: close the connection to remote address[] result: true
[wanxinp2p-consumer-service][${env:SERVER_PORT}] 2022-04-04 21:42:45,719 INFO [NettyClientSelector_1][Slf4jLoggerFactory.java:95] - closeChannel: close the connection to remote address[] result: true
[wanxinp2p-consumer-service][${env:SERVER_PORT}] 2022-04-04 21:42:47,084 INFO [NettyClientSelector_1][Slf4jLoggerFactory.java:95] - closeChannel: close the connection to remote address[] result: true
[wanxinp2p-consumer-service][${env:SERVER_PORT}] 2022-04-04 21:43:12,068 WARN [http-nio-53050-exec-2][ExceptionHandlerExceptionResolver.java:419] - Failure in @ExceptionHandler public cn.itcast.wanxinp2p.common.domain.RestResponse<org.springframework.lang.Nullable> cn.itcast.wanxinp2p.consumer.common.GlobalExceptionHandler.exceptionGet(javax.servlet.http.HttpServletRequest,javax.servlet.http.HttpServletResponse,java.lang.Exception)
java.lang.Error: Unresolved compilation problem: 
	log cannot be resolved

	at cn.itcast.wanxinp2p.consumer.common.GlobalExceptionHandler.exceptionGet(GlobalExceptionHandler.java:47)
	at sun.reflect.NativeMethodAccessorImpl.invoke0(Native Method)
	at sun.reflect.NativeMethodAccessorImpl.invoke(NativeMethodAccessorImpl.java:62)
	at sun.reflect.DelegatingMethodAccessorImpl.invoke(DelegatingMethodAccessorImpl.java:43)
	at java.lang.reflect.Method.invoke(Method.java:498)
	at org.springframework.web.method.support.InvocableHandlerMethod.doInvoke(InvocableHandlerMethod.java:189)
	at org.springframework.web.method.support.InvocableHandlerMethod.invokeForRequest(InvocableHandlerMethod.java:138)
	at org.springframework.web.servlet.mvc.method.annotation.ServletInvocableHandlerMethod.invokeAndHandle(ServletInvocableHandlerMethod.java:102)
	at org.springframework.web.servlet.mvc.method.annotation.ExceptionHandlerExceptionResolver.doResolveHandlerMethodException(ExceptionHandlerExceptionResolver.java:408)
	at org.springframework.web.servlet.handler.AbstractHandlerMethodExceptionResolver.doResolveException(AbstractHandlerMethodExceptionResolver.java:61)
	at org.springframework.web.servlet.handler.AbstractHandlerExceptionResolver.resolveException(AbstractHandlerExceptionResolver.java:139)
	at org.springframework.web.servlet.handler.HandlerExceptionResolverComposite.resolveException(HandlerExceptionResolverComposite.java:80)
	at org.springframework.web.servlet.DispatcherServlet.processHandlerException(DispatcherServlet.java:1297)
	at org.springframework.web.servlet.DispatcherServlet.processDispatchResult(DispatcherServlet.java:1109)
	at org.springframework.web.servlet.DispatcherServlet.doDispatch(DispatcherServlet.java:1055)
	at org.springframework.web.servlet.DispatcherServlet.doService(DispatcherServlet.java:942)
	at org.springframework.web.servlet.FrameworkServlet.processRequest(FrameworkServlet.java:1005)
	at org.springframework.web.servlet.FrameworkServlet.doPost(FrameworkServlet.java:908)
	at javax.servlet.http.HttpServlet.service(HttpServlet.java:660)
	at org.springframework.web.servlet.FrameworkServlet.service(FrameworkServlet.java:882)
	at javax.servlet.http.HttpServlet.service(HttpServlet.java:741)
	at org.apache.catalina.core.ApplicationFilterChain.internalDoFilter(ApplicationFilterChain.java:231)
	at org.apache.catalina.core.ApplicationFilterChain.doFilter(ApplicationFilterChain.java:166)
	at org.apache.tomcat.websocket.server.WsFilter.doFilter(WsFilter.java:53)
	at org.apache.catalina.core.ApplicationFilterChain.internalDoFilter(ApplicationFilterChain.java:193)
	at org.apache.catalina.core.ApplicationFilterChain.doFilter(ApplicationFilterChain.java:166)
	at com.alibaba.druid.support.http.WebStatFilter.doFilter(WebStatFilter.java:124)
	at org.apache.catalina.core.ApplicationFilterChain.internalDoFilter(ApplicationFilterChain.java:193)
	at org.apache.catalina.core.ApplicationFilterChain.doFilter(ApplicationFilterChain.java:166)
	at org.springframework.boot.actuate.web.trace.servlet.HttpTraceFilter.doFilterInternal(HttpTraceFilter.java:90)
	at org.springframework.web.filter.OncePerRequestFilter.doFilter(OncePerRequestFilter.java:107)
	at org.apache.catalina.core.ApplicationFilterChain.internalDoFilter(ApplicationFilterChain.java:193)
	at org.apache.catalina.core.ApplicationFilterChain.doFilter(ApplicationFilterChain.java:166)
	at org.springframework.web.filter.RequestContextFilter.doFilterInternal(RequestContextFilter.java:99)
	at org.springframework.web.filter.OncePerRequestFilter.doFilter(OncePerRequestFilter.java:107)
	at org.apache.catalina.core.ApplicationFilterChain.internalDoFilter(ApplicationFilterChain.java:193)
	at org.apache.catalina.core.ApplicationFilterChain.doFilter(ApplicationFilterChain.java:166)
	at org.springframework.web.filter.FormContentFilter.doFilterInternal(FormContentFilter.java:92)
	at org.springframework.web.filter.OncePerRequestFilter.doFilter(OncePerRequestFilter.java:107)
	at org.apache.catalina.core.ApplicationFilterChain.internalDoFilter(ApplicationFilterChain.java:193)
	at org.apache.catalina.core.ApplicationFilterChain.doFilter(ApplicationFilterChain.java:166)
	at org.springframework.web.filter.HiddenHttpMethodFilter.doFilterInternal(HiddenHttpMethodFilter.java:93)
	at org.springframework.web.filter.OncePerRequestFilter.doFilter(OncePerRequestFilter.java:107)
	at org.apache.catalina.core.ApplicationFilterChain.internalDoFilter(ApplicationFilterChain.java:193)
	at org.apache.catalina.core.ApplicationFilterChain.doFilter(ApplicationFilterChain.java:166)
	at org.springframework.boot.actuate.metrics.web.servlet.WebMvcMetricsFilter.filterAndRecordMetrics(WebMvcMetricsFilter.java:117)
	at org.springframework.boot.actuate.metrics.web.servlet.WebMvcMetricsFilter.doFilterInternal(WebMvcMetricsFilter.java:106)
	at org.springframework.web.filter.OncePerRequestFilter.doFilter(OncePerRequestFilter.java:107)
	at org.apache.catalina.core.ApplicationFilterChain.internalDoFilter(ApplicationFilterChain.java:193)
	at org.apache.catalina.core.ApplicationFilterChain.doFilter(ApplicationFilterChain.java:166)
	at org.springframework.web.filter.CharacterEncodingFilter.doFilterInternal(CharacterEncodingFilter.java:200)
	at org.springframework.web.filter.OncePerRequestFilter.doFilter(OncePerRequestFilter.java:107)
	at org.apache.catalina.core.ApplicationFilterChain.internalDoFilter(ApplicationFilterChain.java:193)
	at org.apache.catalina.core.ApplicationFilterChain.doFilter(ApplicationFilterChain.java:166)
	at org.apache.catalina.core.StandardWrapperValve.invoke(StandardWrapperValve.java:200)
	at org.apache.catalina.core.StandardContextValve.invoke(StandardContextValve.java:96)
	at org.apache.catalina.authenticator.AuthenticatorBase.invoke(AuthenticatorBase.java:490)
	at org.apache.catalina.core.StandardHostValve.invoke(StandardHostValve.java:139)
	at org.apache.catalina.valves.ErrorReportValve.invoke(ErrorReportValve.java:92)
	at org.apache.catalina.core.StandardEngineValve.invoke(StandardEngineValve.java:74)
	at org.apache.catalina.connector.CoyoteAdapter.service(CoyoteAdapter.java:343)
	at org.apache.coyote.http11.Http11Processor.service(Http11Processor.java:408)
	at org.apache.coyote.AbstractProcessorLight.process(AbstractProcessorLight.java:66)
	at org.apache.coyote.AbstractProtocol$ConnectionHandler.process(AbstractProtocol.java:834)
	at org.apache.tomcat.util.net.NioEndpoint$SocketProcessor.doRun(NioEndpoint.java:1415)
	at org.apache.tomcat.util.net.SocketProcessorBase.run(SocketProcessorBase.java:49)
	at java.util.concurrent.ThreadPoolExecutor.runWorker(ThreadPoolExecutor.java:1149)
	at java.util.concurrent.ThreadPoolExecutor$Worker.run(ThreadPoolExecutor.java:624)
	at org.apache.tomcat.util.threads.TaskThread$WrappingRunnable.run(TaskThread.java:61)
	at java.lang.Thread.run(Thread.java:748)
[wanxinp2p-consumer-service][${env:SERVER_PORT}] 2022-04-04 21:43:12,089 ERROR [http-nio-53050-exec-2][DirectJDKLog.java:175] - Servlet.service() for servlet [dispatcherServlet] in context with path [/consumer] threw exception [Handler dispatch failed; nested exception is java.lang.Error: Unresolved compilation problems: 
	The method getMobile() is undefined for the type ConsumerRegisterDTO
	The method setUsername(String) is undefined for the type Consumer
	The method setUserNo(String) is undefined for the type Consumer
	The method setIsBindCard(int) is undefined for the type Consumer
] with root cause
java.lang.Error: Unresolved compilation problems: 
	The method getMobile() is undefined for the type ConsumerRegisterDTO
	The method setUsername(String) is undefined for the type Consumer
	The method setUserNo(String) is undefined for the type Consumer
	The method setIsBindCard(int) is undefined for the type Consumer

	at cn.itcast.wanxinp2p.consumer.service.ConsumerServiceImpl.register(ConsumerServiceImpl.java:58)
	at cn.itcast.wanxinp2p.consumer.service.ConsumerServiceImpl$$FastClassBySpringCGLIB$$14583448.invoke(<generated>)
	at org.springframework.cglib.proxy.MethodProxy.invoke(MethodProxy.java:218)
	at org.springframework.aop.framework.CglibAopProxy$CglibMethodInvocation.invokeJoinpoint(CglibAopProxy.java:749)
	at org.springframework.aop.framework.ReflectiveMethodInvocation.proceed(ReflectiveMethodInvocation.java:163)
	at com.alibaba.druid.support.spring.stat.DruidStatInterceptor.invoke(DruidStatInterceptor.java:73)
	at org.springframework.aop.framework.ReflectiveMethodInvocation.proceed(ReflectiveMethodInvocation.java:186)
	at org.springframework.aop.framework.CglibAopProxy$DynamicAdvisedInterceptor.intercept(CglibAopProxy.java:688)
	at cn.itcast.wanxinp2p.consumer.service.ConsumerServiceImpl$$EnhancerBySpringCGLIB$$f0c58e96.register(<generated>)
	at cn.itcast.wanxinp2p.consumer.service.ConsumerServiceImpl$$FastClassBySpringCGLIB$$14583448.invoke(<generated>)
	at org.springframework.cglib.proxy.MethodProxy.invoke(MethodProxy.java:218)
	at org.springframework.aop.framework.CglibAopProxy$CglibMethodInvocation.invokeJoinpoint(CglibAopProxy.java:749)
	at org.springframework.aop.framework.ReflectiveMethodInvocation.proceed(ReflectiveMethodInvocation.java:163)
	at com.alibaba.druid.support.spring.stat.DruidStatInterceptor.invoke(DruidStatInterceptor.java:73)
	at org.springframework.aop.framework.ReflectiveMethodInvocation.proceed(ReflectiveMethodInvocation.java:186)
	at org.springframework.aop.framework.CglibAopProxy$DynamicAdvisedInterceptor.intercept(CglibAopProxy.java:688)
	at cn.itcast.wanxinp2p.consumer.service.ConsumerServiceImpl$$EnhancerBySpringCGLIB$$cbe9ac64.register(<generated>)
	at cn.itcast.wanxinp2p.consumer.controller.ConsumerController.register(ConsumerController.java:48)
	at sun.reflect.NativeMethodAccessorImpl.invoke0(Native Method)
	at sun.reflect.NativeMethodAccessorImpl.invoke(NativeMethodAccessorImpl.java:62)
	at sun.reflect.DelegatingMethodAccessorImpl.invoke(DelegatingMethodAccessorImpl.java:43)
	at java.lang.reflect.Method.invoke(Method.java:498)
	at org.springframework.web.method.support.InvocableHandlerMethod.doInvoke(InvocableHandlerMethod.java:189)
	at org.springframework.web.method.support.InvocableHandlerMethod.invokeForRequest(InvocableHandlerMethod.java:138)
	at org.springframework.web.servlet.mvc.method.annotation.ServletInvocableHandlerMethod.invokeAndHandle(ServletInvocableHandlerMethod.java:102)
	at org.springframework.web.servlet.mvc.method.annotation.RequestMappingHandlerAdapter.invokeHandlerMethod(RequestMappingHandlerAdapter.java:895)
	at org.springframework.web.servlet.mvc.method.annotation.RequestMappingHandlerAdapter.handleInternal(RequestMappingHandlerAdapter.java:800)
	at org.springframework.web.servlet.mvc.method.AbstractHandlerMethodAdapter.handle(AbstractHandlerMethodAdapter.java:87)
	at org.springframework.web.servlet.DispatcherServlet.doDispatch(DispatcherServlet.java:1038)
	at org.springframework.web.servlet.DispatcherServlet.doService(DispatcherServlet.java:942)
	at org.springframework.web.servlet.FrameworkServlet.processRequest(FrameworkServlet.java:1005)
	at org.springframework.web.servlet.FrameworkServlet.doPost(FrameworkServlet.java:908)
	at javax.servlet.http.HttpServlet.service(HttpServlet.java:660)
	at org.springframework.web.servlet.FrameworkServlet.service(FrameworkServlet.java:882)
	at javax.servlet.http.HttpServlet.service(HttpServlet.java:741)
	at org.apache.catalina.core.ApplicationFilterChain.internalDoFilter(ApplicationFilterChain.java:231)
	at org.apache.catalina.core.ApplicationFilterChain.doFilter(ApplicationFilterChain.java:166)
	at org.apache.tomcat.websocket.server.WsFilter.doFilter(WsFilter.java:53)
	at org.apache.catalina.core.ApplicationFilterChain.internalDoFilter(ApplicationFilterChain.java:193)
	at org.apache.catalina.core.ApplicationFilterChain.doFilter(ApplicationFilterChain.java:166)
	at com.alibaba.druid.support.http.WebStatFilter.doFilter(WebStatFilter.java:124)
	at org.apache.catalina.core.ApplicationFilterChain.internalDoFilter(ApplicationFilterChain.java:193)
	at org.apache.catalina.core.ApplicationFilterChain.doFilter(ApplicationFilterChain.java:166)
	at org.springframework.boot.actuate.web.trace.servlet.HttpTraceFilter.doFilterInternal(HttpTraceFilter.java:90)
	at org.springframework.web.filter.OncePerRequestFilter.doFilter(OncePerRequestFilter.java:107)
	at org.apache.catalina.core.ApplicationFilterChain.internalDoFilter(ApplicationFilterChain.java:193)
	at org.apache.catalina.core.ApplicationFilterChain.doFilter(ApplicationFilterChain.java:166)
	at org.springframework.web.filter.RequestContextFilter.doFilterInternal(RequestContextFilter.java:99)
	at org.springframework.web.filter.OncePerRequestFilter.doFilter(OncePerRequestFilter.java:107)
	at org.apache.catalina.core.ApplicationFilterChain.internalDoFilter(ApplicationFilterChain.java:193)
	at org.apache.catalina.core.ApplicationFilterChain.doFilter(ApplicationFilterChain.java:166)
	at org.springframework.web.filter.FormContentFilter.doFilterInternal(FormContentFilter.java:92)
	at org.springframework.web.filter.OncePerRequestFilter.doFilter(OncePerRequestFilter.java:107)
	at org.apache.catalina.core.ApplicationFilterChain.internalDoFilter(ApplicationFilterChain.java:193)
	at org.apache.catalina.core.ApplicationFilterChain.doFilter(ApplicationFilterChain.java:166)
	at org.springframework.web.filter.HiddenHttpMethodFilter.doFilterInternal(HiddenHttpMethodFilter.java:93)
	at org.springframework.web.filter.OncePerRequestFilter.doFilter(OncePerRequestFilter.java:107)
	at org.apache.catalina.core.ApplicationFilterChain.internalDoFilter(ApplicationFilterChain.java:193)
	at org.apache.catalina.core.ApplicationFilterChain.doFilter(ApplicationFilterChain.java:166)
	at org.springframework.boot.actuate.metrics.web.servlet.WebMvcMetricsFilter.filterAndRecordMetrics(WebMvcMetricsFilter.java:117)
	at org.springframework.boot.actuate.metrics.web.servlet.WebMvcMetricsFilter.doFilterInternal(WebMvcMetricsFilter.java:106)
	at org.springframework.web.filter.OncePerRequestFilter.doFilter(OncePerRequestFilter.java:107)
	at org.apache.catalina.core.ApplicationFilterChain.internalDoFilter(ApplicationFilterChain.java:193)
	at org.apache.catalina.core.ApplicationFilterChain.doFilter(ApplicationFilterChain.java:166)
	at org.springframework.web.filter.CharacterEncodingFilter.doFilterInternal(CharacterEncodingFilter.java:200)
	at org.springframework.web.filter.OncePerRequestFilter.doFilter(OncePerRequestFilter.java:107)
	at org.apache.catalina.core.ApplicationFilterChain.internalDoFilter(ApplicationFilterChain.java:193)
	at org.apache.catalina.core.ApplicationFilterChain.doFilter(ApplicationFilterChain.java:166)
	at org.apache.catalina.core.StandardWrapperValve.invoke(StandardWrapperValve.java:200)
	at org.apache.catalina.core.StandardContextValve.invoke(StandardContextValve.java:96)
	at org.apache.catalina.authenticator.AuthenticatorBase.invoke(AuthenticatorBase.java:490)
	at org.apache.catalina.core.StandardHostValve.invoke(StandardHostValve.java:139)
	at org.apache.catalina.valves.ErrorReportValve.invoke(ErrorReportValve.java:92)
	at org.apache.catalina.core.StandardEngineValve.invoke(StandardEngineValve.java:74)
	at org.apache.catalina.connector.CoyoteAdapter.service(CoyoteAdapter.java:343)
	at org.apache.coyote.http11.Http11Processor.service(Http11Processor.java:408)
	at org.apache.coyote.AbstractProcessorLight.process(AbstractProcessorLight.java:66)
	at org.apache.coyote.AbstractProtocol$ConnectionHandler.process(AbstractProtocol.java:834)
	at org.apache.tomcat.util.net.NioEndpoint$SocketProcessor.doRun(NioEndpoint.java:1415)
	at org.apache.tomcat.util.net.SocketProcessorBase.run(SocketProcessorBase.java:49)
	at java.util.concurrent.ThreadPoolExecutor.runWorker(ThreadPoolExecutor.java:1149)
	at java.util.concurrent.ThreadPoolExecutor$Worker.run(ThreadPoolExecutor.java:624)
	at org.apache.tomcat.util.threads.TaskThread$WrappingRunnable.run(TaskThread.java:61)
	at java.lang.Thread.run(Thread.java:748)
[wanxinp2p-consumer-service][${env:SERVER_PORT}] 2022-04-04 21:43:15,715 INFO [NettyClientSelector_1][Slf4jLoggerFactory.java:95] - closeChannel: close the connection to remote address[] result: true
[wanxinp2p-consumer-service][${env:SERVER_PORT}] 2022-04-04 21:43:17,093 INFO [NettyClientSelector_1][Slf4jLoggerFactory.java:95] - closeChannel: close the connection to remote address[] result: true
[wanxinp2p-consumer-service][${env:SERVER_PORT}] 2022-04-04 21:43:45,719 INFO [NettyClientSelector_1][Slf4jLoggerFactory.java:95] - closeChannel: close the connection to remote address[] result: true
[wanxinp2p-consumer-service][${env:SERVER_PORT}] 2022-04-04 21:43:47,082 INFO [NettyClientSelector_1][Slf4jLoggerFactory.java:95] - closeChannel: close the connection to remote address[] result: true
[wanxinp2p-consumer-service][${env:SERVER_PORT}] 2022-04-04 21:44:15,719 INFO [NettyClientSelector_1][Slf4jLoggerFactory.java:95] - closeChannel: close the connection to remote address[] result: true
[wanxinp2p-consumer-service][${env:SERVER_PORT}] 2022-04-04 21:44:17,085 INFO [NettyClientSelector_1][Slf4jLoggerFactory.java:95] - closeChannel: close the connection to remote address[] result: true
[wanxinp2p-consumer-service][${env:SERVER_PORT}] 2022-04-04 21:44:45,718 INFO [NettyClientSelector_1][Slf4jLoggerFactory.java:95] - closeChannel: close the connection to remote address[] result: true
[wanxinp2p-consumer-service][${env:SERVER_PORT}] 2022-04-04 21:44:47,083 INFO [NettyClientSelector_1][Slf4jLoggerFactory.java:95] - closeChannel: close the connection to remote address[] result: true
[wanxinp2p-consumer-service][${env:SERVER_PORT}] 2022-04-04 21:45:15,720 INFO [NettyClientSelector_1][Slf4jLoggerFactory.java:95] - closeChannel: close the connection to remote address[] result: true
[wanxinp2p-consumer-service][${env:SERVER_PORT}] 2022-04-04 21:45:17,084 INFO [NettyClientSelector_1][Slf4jLoggerFactory.java:95] - closeChannel: close the connection to remote address[] result: true
[wanxinp2p-consumer-service][${env:SERVER_PORT}] 2022-04-04 21:45:45,727 INFO [NettyClientSelector_1][Slf4jLoggerFactory.java:95] - closeChannel: close the connection to remote address[] result: true
[wanxinp2p-consumer-service][${env:SERVER_PORT}] 2022-04-04 21:45:47,083 INFO [NettyClientSelector_1][Slf4jLoggerFactory.java:95] - closeChannel: close the connection to remote address[] result: true
[wanxinp2p-consumer-service][${env:SERVER_PORT}] 2022-04-04 21:46:15,718 INFO [NettyClientSelector_1][Slf4jLoggerFactory.java:95] - closeChannel: close the connection to remote address[] result: true
[wanxinp2p-consumer-service][${env:SERVER_PORT}] 2022-04-04 21:46:17,083 INFO [NettyClientSelector_1][Slf4jLoggerFactory.java:95] - closeChannel: close the connection to remote address[] result: true
[wanxinp2p-consumer-service][${env:SERVER_PORT}] 2022-04-04 21:46:45,718 INFO [NettyClientSelector_1][Slf4jLoggerFactory.java:95] - closeChannel: close the connection to remote address[] result: true
[wanxinp2p-consumer-service][${env:SERVER_PORT}] 2022-04-04 21:46:47,082 INFO [NettyClientSelector_1][Slf4jLoggerFactory.java:95] - closeChannel: close the connection to remote address[] result: true
[wanxinp2p-consumer-service][${env:SERVER_PORT}] 2022-04-04 21:46:53,380 INFO [AsyncResolver-bootstrap-executor-0][ConfigClusterResolver.java:43] - Resolving eureka endpoints via configuration
[wanxinp2p-consumer-service][${env:SERVER_PORT}] 2022-04-04 21:47:15,717 INFO [NettyClientSelector_1][Slf4jLoggerFactory.java:95] - closeChannel: close the connection to remote address[] result: true
[wanxinp2p-consumer-service][${env:SERVER_PORT}] 2022-04-04 21:47:17,081 INFO [NettyClientSelector_1][Slf4jLoggerFactory.java:95] - closeChannel: close the connection to remote address[] result: true
[wanxinp2p-consumer-service][${env:SERVER_PORT}] 2022-04-04 21:47:45,719 INFO [NettyClientSelector_1][Slf4jLoggerFactory.java:95] - closeChannel: close the connection to remote address[] result: true
[wanxinp2p-consumer-service][${env:SERVER_PORT}] 2022-04-04 21:47:47,085 INFO [NettyClientSelector_1][Slf4jLoggerFactory.java:95] - closeChannel: close the connection to remote address[] result: true
[wanxinp2p-consumer-service][${env:SERVER_PORT}] 2022-04-04 21:48:15,718 INFO [NettyClientSelector_1][Slf4jLoggerFactory.java:95] - closeChannel: close the connection to remote address[] result: true
[wanxinp2p-consumer-service][${env:SERVER_PORT}] 2022-04-04 21:48:17,084 INFO [NettyClientSelector_1][Slf4jLoggerFactory.java:95] - closeChannel: close the connection to remote address[] result: true
[wanxinp2p-consumer-service][${env:SERVER_PORT}] 2022-04-04 21:48:45,722 INFO [NettyClientSelector_1][Slf4jLoggerFactory.java:95] - closeChannel: close the connection to remote address[] result: true
[wanxinp2p-consumer-service][${env:SERVER_PORT}] 2022-04-04 21:48:47,085 INFO [NettyClientSelector_1][Slf4jLoggerFactory.java:95] - closeChannel: close the connection to remote address[] result: true
[wanxinp2p-consumer-service][${env:SERVER_PORT}] 2022-04-04 21:49:15,721 INFO [NettyClientSelector_1][Slf4jLoggerFactory.java:95] - closeChannel: close the connection to remote address[] result: true
[wanxinp2p-consumer-service][${env:SERVER_PORT}] 2022-04-04 21:49:17,082 INFO [NettyClientSelector_1][Slf4jLoggerFactory.java:95] - closeChannel: close the connection to remote address[] result: true
[wanxinp2p-consumer-service][${env:SERVER_PORT}] 2022-04-04 21:49:45,720 INFO [NettyClientSelector_1][Slf4jLoggerFactory.java:95] - closeChannel: close the connection to remote address[] result: true
[wanxinp2p-consumer-service][${env:SERVER_PORT}] 2022-04-04 21:49:47,084 INFO [NettyClientSelector_1][Slf4jLoggerFactory.java:95] - closeChannel: close the connection to remote address[] result: true
[wanxinp2p-consumer-service][${env:SERVER_PORT}] 2022-04-04 21:50:15,718 INFO [NettyClientSelector_1][Slf4jLoggerFactory.java:95] - closeChannel: close the connection to remote address[] result: true
[wanxinp2p-consumer-service][${env:SERVER_PORT}] 2022-04-04 21:50:17,080 INFO [NettyClientSelector_1][Slf4jLoggerFactory.java:95] - closeChannel: close the connection to remote address[] result: true
[wanxinp2p-consumer-service][${env:SERVER_PORT}] 2022-04-04 21:50:45,717 INFO [NettyClientSelector_1][Slf4jLoggerFactory.java:95] - closeChannel: close the connection to remote address[] result: true
[wanxinp2p-consumer-service][${env:SERVER_PORT}] 2022-04-04 21:50:47,085 INFO [NettyClientSelector_1][Slf4jLoggerFactory.java:95] - closeChannel: close the connection to remote address[] result: true
[wanxinp2p-consumer-service][${env:SERVER_PORT}] 2022-04-04 21:51:15,719 INFO [NettyClientSelector_1][Slf4jLoggerFactory.java:95] - closeChannel: close the connection to remote address[] result: true
[wanxinp2p-consumer-service][${env:SERVER_PORT}] 2022-04-04 21:51:17,084 INFO [NettyClientSelector_1][Slf4jLoggerFactory.java:95] - closeChannel: close the connection to remote address[] result: true
[wanxinp2p-consumer-service][${env:SERVER_PORT}] 2022-04-04 21:51:45,718 INFO [NettyClientSelector_1][Slf4jLoggerFactory.java:95] - closeChannel: close the connection to remote address[] result: true
[wanxinp2p-consumer-service][${env:SERVER_PORT}] 2022-04-04 21:51:47,083 INFO [NettyClientSelector_1][Slf4jLoggerFactory.java:95] - closeChannel: close the connection to remote address[] result: true
[wanxinp2p-consumer-service][${env:SERVER_PORT}] 2022-04-04 21:51:53,381 INFO [AsyncResolver-bootstrap-executor-0][ConfigClusterResolver.java:43] - Resolving eureka endpoints via configuration
[wanxinp2p-consumer-service][${env:SERVER_PORT}] 2022-04-04 21:52:15,718 INFO [NettyClientSelector_1][Slf4jLoggerFactory.java:95] - closeChannel: close the connection to remote address[] result: true
[wanxinp2p-consumer-service][${env:SERVER_PORT}] 2022-04-04 21:52:17,086 INFO [NettyClientSelector_1][Slf4jLoggerFactory.java:95] - closeChannel: close the connection to remote address[] result: true
[wanxinp2p-consumer-service][${env:SERVER_PORT}] 2022-04-04 21:52:45,720 INFO [NettyClientSelector_1][Slf4jLoggerFactory.java:95] - closeChannel: close the connection to remote address[] result: true
[wanxinp2p-consumer-service][${env:SERVER_PORT}] 2022-04-04 21:52:47,083 INFO [NettyClientSelector_1][Slf4jLoggerFactory.java:95] - closeChannel: close the connection to remote address[] result: true
[wanxinp2p-consumer-service][${env:SERVER_PORT}] 2022-04-04 21:53:15,718 INFO [NettyClientSelector_1][Slf4jLoggerFactory.java:95] - closeChannel: close the connection to remote address[] result: true
[wanxinp2p-consumer-service][${env:SERVER_PORT}] 2022-04-04 21:53:17,081 INFO [NettyClientSelector_1][Slf4jLoggerFactory.java:95] - closeChannel: close the connection to remote address[] result: true
[wanxinp2p-consumer-service][${env:SERVER_PORT}] 2022-04-04 21:53:45,731 INFO [NettyClientSelector_1][Slf4jLoggerFactory.java:95] - closeChannel: close the connection to remote address[] result: true
[wanxinp2p-consumer-service][${env:SERVER_PORT}] 2022-04-04 21:53:47,084 INFO [NettyClientSelector_1][Slf4jLoggerFactory.java:95] - closeChannel: close the connection to remote address[] result: true
[wanxinp2p-consumer-service][${env:SERVER_PORT}] 2022-04-04 21:54:15,717 INFO [NettyClientSelector_1][Slf4jLoggerFactory.java:95] - closeChannel: close the connection to remote address[] result: true
[wanxinp2p-consumer-service][${env:SERVER_PORT}] 2022-04-04 21:54:17,083 INFO [NettyClientSelector_1][Slf4jLoggerFactory.java:95] - closeChannel: close the connection to remote address[] result: true
[wanxinp2p-consumer-service][${env:SERVER_PORT}] 2022-04-04 21:54:45,732 INFO [NettyClientSelector_1][Slf4jLoggerFactory.java:95] - closeChannel: close the connection to remote address[] result: true
[wanxinp2p-consumer-service][${env:SERVER_PORT}] 2022-04-04 21:54:47,084 INFO [NettyClientSelector_1][Slf4jLoggerFactory.java:95] - closeChannel: close the connection to remote address[] result: true
[wanxinp2p-consumer-service][${env:SERVER_PORT}] 2022-04-04 21:55:15,718 INFO [NettyClientSelector_1][Slf4jLoggerFactory.java:95] - closeChannel: close the connection to remote address[] result: true
[wanxinp2p-consumer-service][${env:SERVER_PORT}] 2022-04-04 21:55:17,086 INFO [NettyClientSelector_1][Slf4jLoggerFactory.java:95] - closeChannel: close the connection to remote address[] result: true
[wanxinp2p-consumer-service][${env:SERVER_PORT}] 2022-04-04 21:55:45,724 INFO [NettyClientSelector_1][Slf4jLoggerFactory.java:95] - closeChannel: close the connection to remote address[] result: true
[wanxinp2p-consumer-service][${env:SERVER_PORT}] 2022-04-04 21:55:47,085 INFO [NettyClientSelector_1][Slf4jLoggerFactory.java:95] - closeChannel: close the connection to remote address[] result: true
[wanxinp2p-consumer-service][${env:SERVER_PORT}] 2022-04-04 21:56:15,717 INFO [NettyClientSelector_1][Slf4jLoggerFactory.java:95] - closeChannel: close the connection to remote address[] result: true
[wanxinp2p-consumer-service][${env:SERVER_PORT}] 2022-04-04 21:56:17,095 INFO [NettyClientSelector_1][Slf4jLoggerFactory.java:95] - closeChannel: close the connection to remote address[] result: true
[wanxinp2p-consumer-service][${env:SERVER_PORT}] 2022-04-04 21:56:45,720 INFO [NettyClientSelector_1][Slf4jLoggerFactory.java:95] - closeChannel: close the connection to remote address[] result: true
[wanxinp2p-consumer-service][${env:SERVER_PORT}] 2022-04-04 21:56:47,084 INFO [NettyClientSelector_1][Slf4jLoggerFactory.java:95] - closeChannel: close the connection to remote address[] result: true
[wanxinp2p-consumer-service][${env:SERVER_PORT}] 2022-04-04 21:56:53,382 INFO [AsyncResolver-bootstrap-executor-0][ConfigClusterResolver.java:43] - Resolving eureka endpoints via configuration
[wanxinp2p-consumer-service][${env:SERVER_PORT}] 2022-04-04 21:57:15,717 INFO [NettyClientSelector_1][Slf4jLoggerFactory.java:95] - closeChannel: close the connection to remote address[] result: true
[wanxinp2p-consumer-service][${env:SERVER_PORT}] 2022-04-04 21:57:17,082 INFO [NettyClientSelector_1][Slf4jLoggerFactory.java:95] - closeChannel: close the connection to remote address[] result: true
[wanxinp2p-consumer-service][${env:SERVER_PORT}] 2022-04-04 21:57:45,718 INFO [NettyClientSelector_1][Slf4jLoggerFactory.java:95] - closeChannel: close the connection to remote address[] result: true
[wanxinp2p-consumer-service][${env:SERVER_PORT}] 2022-04-04 21:57:47,084 INFO [NettyClientSelector_1][Slf4jLoggerFactory.java:95] - closeChannel: close the connection to remote address[] result: true
[wanxinp2p-consumer-service][${env:SERVER_PORT}] 2022-04-04 21:58:15,719 INFO [NettyClientSelector_1][Slf4jLoggerFactory.java:95] - closeChannel: close the connection to remote address[] result: true
[wanxinp2p-consumer-service][${env:SERVER_PORT}] 2022-04-04 21:58:17,082 INFO [NettyClientSelector_1][Slf4jLoggerFactory.java:95] - closeChannel: close the connection to remote address[] result: true
[wanxinp2p-consumer-service][${env:SERVER_PORT}] 2022-04-04 21:58:45,720 INFO [NettyClientSelector_1][Slf4jLoggerFactory.java:95] - closeChannel: close the connection to remote address[] result: true
[wanxinp2p-consumer-service][${env:SERVER_PORT}] 2022-04-04 21:58:47,084 INFO [NettyClientSelector_1][Slf4jLoggerFactory.java:95] - closeChannel: close the connection to remote address[] result: true
[wanxinp2p-consumer-service][${env:SERVER_PORT}] 2022-04-04 21:59:15,719 INFO [NettyClientSelector_1][Slf4jLoggerFactory.java:95] - closeChannel: close the connection to remote address[] result: true
[wanxinp2p-consumer-service][${env:SERVER_PORT}] 2022-04-04 21:59:17,082 INFO [NettyClientSelector_1][Slf4jLoggerFactory.java:95] - closeChannel: close the connection to remote address[] result: true
[wanxinp2p-consumer-service][${env:SERVER_PORT}] 2022-04-04 21:59:45,720 INFO [NettyClientSelector_1][Slf4jLoggerFactory.java:95] - closeChannel: close the connection to remote address[] result: true
[wanxinp2p-consumer-service][${env:SERVER_PORT}] 2022-04-04 21:59:47,083 INFO [NettyClientSelector_1][Slf4jLoggerFactory.java:95] - closeChannel: close the connection to remote address[] result: true
