[${project.name}][${env:SERVER_PORT}] 2022-04-03 10:24:45,455 INFO [main][DefaultApplicationProvider.java:85] - App ID is set to consumer-service by app.id property from System Property
[${project.name}][${env:SERVER_PORT}] 2022-04-03 10:24:45,459 INFO [main][DefaultServerProvider.java:108] - Environment is set to [dev] by JVM system property 'env'.
[${project.name}][${env:SERVER_PORT}] 2022-04-03 10:24:45,496 WARN [main][DefaultMetaServerProvider.java:39] - Could not find meta server address, because it is not available in neither (1) JVM system property 'apollo.meta', (2) OS env variable 'APOLLO_META' (3) property 'apollo.meta' from server.properties nor (4) property 'apollo.meta' from app.properties
[${project.name}][${env:SERVER_PORT}] 2022-04-03 10:24:45,500 INFO [main][MetaDomainConsts.java:93] - Located meta server address http://localhost:8080 for env DEV from com.ctrip.framework.apollo.core.internals.LegacyMetaServerProvider
[${project.name}][${env:SERVER_PORT}] 2022-04-03 10:24:50,121 INFO [Eureka-EvictionTimer][AbstractInstanceRegistry.java:1250] - Running the evict task with compensationTime 1ms
[${project.name}][${env:SERVER_PORT}] 2022-04-03 10:24:55,446 INFO [main][SpringApplication.java:675] - No active profile set, falling back to default profiles: default
[${project.name}][${env:SERVER_PORT}] 2022-04-03 10:24:56,497 INFO [main][RepositoryConfigurationDelegate.java:244] - Multiple Spring Data modules found, entering strict repository configuration mode!
[${project.name}][${env:SERVER_PORT}] 2022-04-03 10:24:56,499 INFO [main][RepositoryConfigurationDelegate.java:126] - Bootstrapping Spring Data repositories in DEFAULT mode.
[${project.name}][${env:SERVER_PORT}] 2022-04-03 10:24:56,525 INFO [main][RepositoryConfigurationDelegate.java:182] - Finished Spring Data repository scanning in 11ms. Found 0 repository interfaces.
[${project.name}][${env:SERVER_PORT}] 2022-04-03 10:24:56,613 WARN [main][EndpointId.java:135] - Endpoint ID 'service-registry' contains invalid characters, please migrate to a valid format.
[${project.name}][${env:SERVER_PORT}] 2022-04-03 10:24:56,687 INFO [main][ConfigurationClassPostProcessor.java:380] - Cannot enhance @Configuration bean definition 'com.ctrip.framework.apollo.spring.boot.ApolloAutoConfiguration' since its singleton instance has been created too early. The typical cause is a non-static @Bean method with a BeanDefinitionRegistryPostProcessor return type: Consider declaring such methods as 'static'.
[${project.name}][${env:SERVER_PORT}] 2022-04-03 10:24:56,835 INFO [main][GenericScope.java:294] - BeanFactory id=27dbc4fa-71ce-3bf9-aa40-5d4cc8dfd907
[${project.name}][${env:SERVER_PORT}] 2022-04-03 10:24:56,856 WARN [main][PropertySourcesDeducer.java:75] - Multiple PropertySourcesPlaceholderConfigurer beans registered [propertySourcesPlaceholderConfigurer, org.springframework.context.support.PropertySourcesPlaceholderConfigurer], falling back to Environment
[${project.name}][${env:SERVER_PORT}] 2022-04-03 10:24:56,881 INFO [main][PostProcessorRegistrationDelegate.java:330] - Bean 'org.apache.rocketmq.spring.autoconfigure.RocketMQAutoConfiguration' of type [org.apache.rocketmq.spring.autoconfigure.RocketMQAutoConfiguration$$EnhancerBySpringCGLIB$$5e9fad35] is not eligible for getting processed by all BeanPostProcessors (for example: not eligible for auto-proxying)
[${project.name}][${env:SERVER_PORT}] 2022-04-03 10:24:56,891 INFO [main][PostProcessorRegistrationDelegate.java:330] - Bean 'rocketmq-org.apache.rocketmq.spring.autoconfigure.RocketMQProperties' of type [org.apache.rocketmq.spring.autoconfigure.RocketMQProperties] is not eligible for getting processed by all BeanPostProcessors (for example: not eligible for auto-proxying)
[${project.name}][${env:SERVER_PORT}] 2022-04-03 10:24:58,064 INFO [main][PostProcessorRegistrationDelegate.java:330] - Bean 'defaultMQProducer' of type [org.apache.rocketmq.client.producer.DefaultMQProducer] is not eligible for getting processed by all BeanPostProcessors (for example: not eligible for auto-proxying)
[${project.name}][${env:SERVER_PORT}] 2022-04-03 10:24:58,066 INFO [main][PostProcessorRegistrationDelegate.java:330] - Bean 'org.springframework.boot.autoconfigure.jackson.JacksonAutoConfiguration$JacksonObjectMapperConfiguration' of type [org.springframework.boot.autoconfigure.jackson.JacksonAutoConfiguration$JacksonObjectMapperConfiguration$$EnhancerBySpringCGLIB$$919d1dca] is not eligible for getting processed by all BeanPostProcessors (for example: not eligible for auto-proxying)
[${project.name}][${env:SERVER_PORT}] 2022-04-03 10:24:58,070 INFO [main][PostProcessorRegistrationDelegate.java:330] - Bean 'org.springframework.boot.autoconfigure.jackson.JacksonAutoConfiguration$JacksonObjectMapperBuilderConfiguration' of type [org.springframework.boot.autoconfigure.jackson.JacksonAutoConfiguration$JacksonObjectMapperBuilderConfiguration$$EnhancerBySpringCGLIB$$43e9dfe3] is not eligible for getting processed by all BeanPostProcessors (for example: not eligible for auto-proxying)
[${project.name}][${env:SERVER_PORT}] 2022-04-03 10:24:58,072 INFO [main][PostProcessorRegistrationDelegate.java:330] - Bean 'org.springframework.boot.autoconfigure.jackson.JacksonAutoConfiguration$Jackson2ObjectMapperBuilderCustomizerConfiguration' of type [org.springframework.boot.autoconfigure.jackson.JacksonAutoConfiguration$Jackson2ObjectMapperBuilderCustomizerConfiguration$$EnhancerBySpringCGLIB$$ff00c5d2] is not eligible for getting processed by all BeanPostProcessors (for example: not eligible for auto-proxying)
[${project.name}][${env:SERVER_PORT}] 2022-04-03 10:24:58,078 INFO [main][PostProcessorRegistrationDelegate.java:330] - Bean 'spring.jackson-org.springframework.boot.autoconfigure.jackson.JacksonProperties' of type [org.springframework.boot.autoconfigure.jackson.JacksonProperties] is not eligible for getting processed by all BeanPostProcessors (for example: not eligible for auto-proxying)
[${project.name}][${env:SERVER_PORT}] 2022-04-03 10:24:58,081 INFO [main][PostProcessorRegistrationDelegate.java:330] - Bean 'standardJacksonObjectMapperBuilderCustomizer' of type [org.springframework.boot.autoconfigure.jackson.JacksonAutoConfiguration$Jackson2ObjectMapperBuilderCustomizerConfiguration$StandardJackson2ObjectMapperBuilderCustomizer] is not eligible for getting processed by all BeanPostProcessors (for example: not eligible for auto-proxying)
[${project.name}][${env:SERVER_PORT}] 2022-04-03 10:24:58,086 INFO [main][PostProcessorRegistrationDelegate.java:330] - Bean 'org.springframework.boot.autoconfigure.jackson.JacksonAutoConfiguration$ParameterNamesModuleConfiguration' of type [org.springframework.boot.autoconfigure.jackson.JacksonAutoConfiguration$ParameterNamesModuleConfiguration$$EnhancerBySpringCGLIB$$25cc3d00] is not eligible for getting processed by all BeanPostProcessors (for example: not eligible for auto-proxying)
[${project.name}][${env:SERVER_PORT}] 2022-04-03 10:24:58,091 INFO [main][PostProcessorRegistrationDelegate.java:330] - Bean 'parameterNamesModule' of type [com.fasterxml.jackson.module.paramnames.ParameterNamesModule] is not eligible for getting processed by all BeanPostProcessors (for example: not eligible for auto-proxying)
[${project.name}][${env:SERVER_PORT}] 2022-04-03 10:24:58,093 INFO [main][PostProcessorRegistrationDelegate.java:330] - Bean 'org.springframework.boot.autoconfigure.jackson.JacksonAutoConfiguration' of type [org.springframework.boot.autoconfigure.jackson.JacksonAutoConfiguration$$EnhancerBySpringCGLIB$$73a8bb59] is not eligible for getting processed by all BeanPostProcessors (for example: not eligible for auto-proxying)
[${project.name}][${env:SERVER_PORT}] 2022-04-03 10:24:58,124 INFO [main][PostProcessorRegistrationDelegate.java:330] - Bean 'jsonComponentModule' of type [org.springframework.boot.jackson.JsonComponentModule] is not eligible for getting processed by all BeanPostProcessors (for example: not eligible for auto-proxying)
[${project.name}][${env:SERVER_PORT}] 2022-04-03 10:24:58,124 INFO [main][PostProcessorRegistrationDelegate.java:330] - Bean 'org.springframework.data.web.config.SpringDataJacksonConfiguration' of type [org.springframework.data.web.config.SpringDataJacksonConfiguration] is not eligible for getting processed by all BeanPostProcessors (for example: not eligible for auto-proxying)
[${project.name}][${env:SERVER_PORT}] 2022-04-03 10:24:58,127 INFO [main][PostProcessorRegistrationDelegate.java:330] - Bean 'jacksonGeoModule' of type [org.springframework.data.geo.GeoModule] is not eligible for getting processed by all BeanPostProcessors (for example: not eligible for auto-proxying)
[${project.name}][${env:SERVER_PORT}] 2022-04-03 10:24:58,130 INFO [main][PostProcessorRegistrationDelegate.java:330] - Bean 'jacksonObjectMapperBuilder' of type [org.springframework.http.converter.json.Jackson2ObjectMapperBuilder] is not eligible for getting processed by all BeanPostProcessors (for example: not eligible for auto-proxying)
[${project.name}][${env:SERVER_PORT}] 2022-04-03 10:24:58,148 INFO [main][PostProcessorRegistrationDelegate.java:330] - Bean 'jacksonObjectMapper' of type [com.fasterxml.jackson.databind.ObjectMapper] is not eligible for getting processed by all BeanPostProcessors (for example: not eligible for auto-proxying)
[${project.name}][${env:SERVER_PORT}] 2022-04-03 10:25:00,123 INFO [Eureka-EvictionTimer][AbstractInstanceRegistry.java:1250] - Running the evict task with compensationTime 0ms
[${project.name}][${env:SERVER_PORT}] 2022-04-03 10:25:01,437 INFO [main][PostProcessorRegistrationDelegate.java:330] - Bean 'rocketMQTemplate' of type [org.apache.rocketmq.spring.core.RocketMQTemplate] is not eligible for getting processed by all BeanPostProcessors (for example: not eligible for auto-proxying)
[${project.name}][${env:SERVER_PORT}] 2022-04-03 10:25:01,438 INFO [main][PostProcessorRegistrationDelegate.java:330] - Bean 'transactionHandlerRegistry' of type [org.apache.rocketmq.spring.config.TransactionHandlerRegistry] is not eligible for getting processed by all BeanPostProcessors (for example: not eligible for auto-proxying)
[${project.name}][${env:SERVER_PORT}] 2022-04-03 10:25:01,493 INFO [main][PostProcessorRegistrationDelegate.java:330] - Bean 'org.springframework.cloud.autoconfigure.ConfigurationPropertiesRebinderAutoConfiguration' of type [org.springframework.cloud.autoconfigure.ConfigurationPropertiesRebinderAutoConfiguration$$EnhancerBySpringCGLIB$$5223a136] is not eligible for getting processed by all BeanPostProcessors (for example: not eligible for auto-proxying)
[${project.name}][${env:SERVER_PORT}] 2022-04-03 10:25:01,799 INFO [main][TomcatWebServer.java:90] - Tomcat initialized with port(s): 53050 (http)
[${project.name}][${env:SERVER_PORT}] 2022-04-03 10:25:01,814 INFO [main][DirectJDKLog.java:173] - Initializing ProtocolHandler ["http-nio-53050"]
[${project.name}][${env:SERVER_PORT}] 2022-04-03 10:25:01,821 INFO [main][DirectJDKLog.java:173] - Starting service [Tomcat]
[${project.name}][${env:SERVER_PORT}] 2022-04-03 10:25:01,821 INFO [main][DirectJDKLog.java:173] - Starting Servlet engine: [Apache Tomcat/9.0.16]
[${project.name}][${env:SERVER_PORT}] 2022-04-03 10:25:01,829 INFO [main][DirectJDKLog.java:173] - The APR based Apache Tomcat Native library which allows optimal performance in production environments was not found on the java.library.path: [C:\Program Files\Java\jdk1.8.0_261\bin;C:\Windows\Sun\Java\bin;C:\Windows\system32;C:\Windows;C:\Program Files\Python27\;C:\Program Files\Python27\Scripts;C:\Program Files (x86)\Common Files\Oracle\Java\javapath;C:\Program Files\Common Files\Oracle\Java\javapath;C:\Program Files\Eclipse Foundation\jdk-11.0.12.7-hotspot\bin;C:\Program Files (x86)\RSA SecurID Token Common;C:\Windows\system32;C:\Windows;C:\Windows\System32\Wbem;C:\Windows\System32\WindowsPowerShell\v1.0\;C:\Windows\System32\OpenSSH\;C:\Program Files\NVIDIA Corporation\NVIDIA NvDLISR;D:\software\mysql-8.0.21-winx64\bin;D:\software\TortoiseSVN\bin;D:\software\instantclient_11_2;D:\software\software_2\node.js\;C:\ProgramData\chocolatey\bin;D:\compileEnv\mingw64\bin;D:\software\Git\cmd;D:\software\Redis\;C:\Program Files\Java\jdk1.8.0_261\bin;D:\software\apache-maven-3.6.3-bin\apache-maven-3.6.3\bin;C:\Users\DELL\AppData\Local\Microsoft\WindowsApps;D:\software\mysql-8.0.21-winx64\bin;D:\software\software_2\vscode\Microsoft VS Code\bin;C:\Users\DELL\AppData\Roaming\npm;D:\compileEnv\mingw64\bin;;D:\software\idea\IntelliJ IDEA 2021.1\bin;;D:\software\GitHub CLI\;.]
[${project.name}][${env:SERVER_PORT}] 2022-04-03 10:25:02,020 INFO [main][DirectJDKLog.java:173] - Initializing Spring embedded WebApplicationContext
[${project.name}][${env:SERVER_PORT}] 2022-04-03 10:25:02,020 INFO [main][ServletWebServerApplicationContext.java:296] - Root WebApplicationContext: initialization completed in 6561 ms
[${project.name}][${env:SERVER_PORT}] 2022-04-03 10:25:02,164 WARN [main][URLConfigurationSource.java:121] - No URLs will be polled as dynamic configuration sources.
[${project.name}][${env:SERVER_PORT}] 2022-04-03 10:25:02,164 INFO [main][URLConfigurationSource.java:122] - To enable URLs as dynamic configuration sources, define System property archaius.configurationSource.additionalUrls or make config.properties available on classpath.
[${project.name}][${env:SERVER_PORT}] 2022-04-03 10:25:02,177 INFO [main][DynamicPropertyFactory.java:281] - DynamicPropertyFactory is initialized with configuration sources: com.netflix.config.ConcurrentCompositeConfiguration@4c4215d7
[${project.name}][${env:SERVER_PORT}] 2022-04-03 10:25:03,579 INFO [NettyClientSelector_1][Slf4jLoggerFactory.java:95] - closeChannel: close the connection to remote address[] result: true
[${project.name}][${env:SERVER_PORT}] 2022-04-03 10:25:03,579 INFO [NettyClientSelector_1][Slf4jLoggerFactory.java:95] - closeChannel: close the connection to remote address[] result: true
[${project.name}][${env:SERVER_PORT}] 2022-04-03 10:25:04,220 INFO [main][InetUtils.java:170] - Cannot determine local hostname
[${project.name}][${env:SERVER_PORT}] 2022-04-03 10:25:05,592 INFO [main][EndpointLinksResolver.java:59] - Exposing 2 endpoint(s) beneath base path '/actuator'
[${project.name}][${env:SERVER_PORT}] 2022-04-03 10:25:05,837 INFO [main][PropertySourcedRequestMappingHandlerMapping.java:69] - Mapped URL path [/v2/api-docs] onto method [public org.springframework.http.ResponseEntity<springfox.documentation.spring.web.json.Json> springfox.documentation.swagger2.web.Swagger2Controller.getDocumentation(java.lang.String,javax.servlet.http.HttpServletRequest)]
[${project.name}][${env:SERVER_PORT}] 2022-04-03 10:25:05,854 WARN [main][URLConfigurationSource.java:121] - No URLs will be polled as dynamic configuration sources.
[${project.name}][${env:SERVER_PORT}] 2022-04-03 10:25:05,854 INFO [main][URLConfigurationSource.java:122] - To enable URLs as dynamic configuration sources, define System property archaius.configurationSource.additionalUrls or make config.properties available on classpath.
[${project.name}][${env:SERVER_PORT}] 2022-04-03 10:25:06,256 INFO [main][ExecutorConfigurationSupport.java:171] - Initializing ExecutorService 'applicationTaskExecutor'
[${project.name}][${env:SERVER_PORT}] 2022-04-03 10:25:08,880 INFO [main][InetUtils.java:170] - Cannot determine local hostname
[${project.name}][${env:SERVER_PORT}] 2022-04-03 10:25:09,077 INFO [main][InstanceInfoFactory.java:71] - Setting initial instance status as: STARTING
[${project.name}][${env:SERVER_PORT}] 2022-04-03 10:25:09,111 INFO [main][DiscoveryClient.java:349] - Initializing Eureka in region us-east-1
[${project.name}][${env:SERVER_PORT}] 2022-04-03 10:25:09,834 INFO [main][DiscoveryJerseyProvider.java:70] - Using JSON encoding codec LegacyJacksonJson
[${project.name}][${env:SERVER_PORT}] 2022-04-03 10:25:09,834 INFO [main][DiscoveryJerseyProvider.java:71] - Using JSON decoding codec LegacyJacksonJson
[${project.name}][${env:SERVER_PORT}] 2022-04-03 10:25:10,119 INFO [main][DiscoveryJerseyProvider.java:80] - Using XML encoding codec XStreamXml
[${project.name}][${env:SERVER_PORT}] 2022-04-03 10:25:10,119 INFO [main][DiscoveryJerseyProvider.java:81] - Using XML decoding codec XStreamXml
[${project.name}][${env:SERVER_PORT}] 2022-04-03 10:25:10,123 INFO [Eureka-EvictionTimer][AbstractInstanceRegistry.java:1250] - Running the evict task with compensationTime 0ms
[${project.name}][${env:SERVER_PORT}] 2022-04-03 10:25:10,384 INFO [main][ConfigClusterResolver.java:43] - Resolving eureka endpoints via configuration
[${project.name}][${env:SERVER_PORT}] 2022-04-03 10:25:10,929 INFO [main][DiscoveryClient.java:958] - Disable delta property : false
[${project.name}][${env:SERVER_PORT}] 2022-04-03 10:25:10,929 INFO [main][DiscoveryClient.java:959] - Single vip registry refresh property : null
[${project.name}][${env:SERVER_PORT}] 2022-04-03 10:25:10,930 INFO [main][DiscoveryClient.java:960] - Force full registry fetch : false
[${project.name}][${env:SERVER_PORT}] 2022-04-03 10:25:10,930 INFO [main][DiscoveryClient.java:961] - Application is null : false
[${project.name}][${env:SERVER_PORT}] 2022-04-03 10:25:10,930 INFO [main][DiscoveryClient.java:962] - Registered Applications size is zero : true
[${project.name}][${env:SERVER_PORT}] 2022-04-03 10:25:10,930 INFO [main][DiscoveryClient.java:964] - Application version is -1: true
[${project.name}][${env:SERVER_PORT}] 2022-04-03 10:25:10,930 INFO [main][DiscoveryClient.java:1047] - Getting all instance registry info from the eureka server
[${project.name}][${env:SERVER_PORT}] 2022-04-03 10:25:11,078 INFO [main][DiscoveryClient.java:1056] - The response status is 200
[${project.name}][${env:SERVER_PORT}] 2022-04-03 10:25:11,081 INFO [main][DiscoveryClient.java:1270] - Starting heartbeat executor: renew interval is: 30
[${project.name}][${env:SERVER_PORT}] 2022-04-03 10:25:11,085 INFO [main][InstanceInfoReplicator.java:60] - InstanceInfoReplicator onDemand update allowed rate per min is 4
[${project.name}][${env:SERVER_PORT}] 2022-04-03 10:25:11,087 INFO [main][DiscoveryClient.java:449] - Discovery Client initialized at timestamp 1648952711086 with initial instances count: 2
[${project.name}][${env:SERVER_PORT}] 2022-04-03 10:25:11,088 INFO [main][EurekaServiceRegistry.java:42] - Registering application CONSUMER-SERVICE with eureka with status UP
[${project.name}][${env:SERVER_PORT}] 2022-04-03 10:25:11,088 INFO [main][DiscoveryClient.java:1305] - Saw local status change event StatusChangeEvent [timestamp=1648952711088, current=UP, previous=STARTING]
[${project.name}][${env:SERVER_PORT}] 2022-04-03 10:25:11,090 INFO [main][DocumentationPluginsBootstrapper.java:160] - Context refreshed
[${project.name}][${env:SERVER_PORT}] 2022-04-03 10:25:11,091 INFO [DiscoveryClient-InstanceInfoReplicator-0][DiscoveryClient.java:826] - DiscoveryClient_CONSUMER-SERVICE/consumer-service:192.168.56.1:53050: registering service...
[${project.name}][${env:SERVER_PORT}] 2022-04-03 10:25:11,104 INFO [main][DocumentationPluginsBootstrapper.java:163] - Found 1 custom documentation plugin(s)
[${project.name}][${env:SERVER_PORT}] 2022-04-03 10:25:11,126 INFO [http-nio-53000-exec-1][AbstractInstanceRegistry.java:266] - Registered instance CONSUMER-SERVICE/consumer-service:192.168.56.1:53050 with status UP (replication=false)
[${project.name}][${env:SERVER_PORT}] 2022-04-03 10:25:11,127 INFO [DiscoveryClient-InstanceInfoReplicator-0][DiscoveryClient.java:835] - DiscoveryClient_CONSUMER-SERVICE/consumer-service:192.168.56.1:53050 - registration status: 204
[${project.name}][${env:SERVER_PORT}] 2022-04-03 10:25:11,138 INFO [main][ApiListingReferenceScanner.java:41] - Scanning for api listing references
[${project.name}][${env:SERVER_PORT}] 2022-04-03 10:25:11,254 INFO [main][CachingOperationNameGenerator.java:40] - Generating unique operation named: handleUsingGET_1
[${project.name}][${env:SERVER_PORT}] 2022-04-03 10:25:11,256 INFO [main][CachingOperationNameGenerator.java:40] - Generating unique operation named: handleUsingGET_2
[${project.name}][${env:SERVER_PORT}] 2022-04-03 10:25:11,257 INFO [main][CachingOperationNameGenerator.java:40] - Generating unique operation named: handleUsingGET_3
[${project.name}][${env:SERVER_PORT}] 2022-04-03 10:25:11,283 INFO [main][DirectJDKLog.java:173] - Starting ProtocolHandler ["http-nio-53050"]
[${project.name}][${env:SERVER_PORT}] 2022-04-03 10:25:11,298 INFO [main][TomcatWebServer.java:204] - Tomcat started on port(s): 53050 (http) with context path '/consumer'
[${project.name}][${env:SERVER_PORT}] 2022-04-03 10:25:11,299 INFO [main][EurekaAutoServiceRegistration.java:141] - Updating port to 53050
[${project.name}][${env:SERVER_PORT}] 2022-04-03 10:25:11,300 INFO [main][StartupInfoLogger.java:59] - Started ConsumerService in 30.277 seconds (JVM running for 32.487)
[${project.name}][${env:SERVER_PORT}] 2022-04-03 10:25:11,630 INFO [http-nio-53000-exec-3][AbstractInstanceRegistry.java:266] - Registered instance CONSUMER-SERVICE/consumer-service:192.168.56.1:53050 with status UP (replication=true)
[${project.name}][${env:SERVER_PORT}] 2022-04-03 10:25:12,000 INFO [RMI TCP Connection(3)-192.168.56.1][DirectJDKLog.java:173] - Initializing Spring DispatcherServlet 'dispatcherServlet'
[${project.name}][${env:SERVER_PORT}] 2022-04-03 10:25:12,000 INFO [RMI TCP Connection(3)-192.168.56.1][FrameworkServlet.java:524] - Initializing Servlet 'dispatcherServlet'
[${project.name}][${env:SERVER_PORT}] 2022-04-03 10:25:12,013 INFO [RMI TCP Connection(3)-192.168.56.1][FrameworkServlet.java:546] - Completed initialization in 12 ms
[${project.name}][${env:SERVER_PORT}] 2022-04-03 10:25:20,123 INFO [Eureka-EvictionTimer][AbstractInstanceRegistry.java:1250] - Running the evict task with compensationTime 0ms
[${project.name}][${env:SERVER_PORT}] 2022-04-03 10:25:30,123 INFO [Eureka-EvictionTimer][AbstractInstanceRegistry.java:1250] - Running the evict task with compensationTime 0ms
[${project.name}][${env:SERVER_PORT}] 2022-04-03 10:25:31,969 INFO [NettyClientSelector_1][Slf4jLoggerFactory.java:95] - closeChannel: close the connection to remote address[] result: true
[${project.name}][${env:SERVER_PORT}] 2022-04-03 10:25:33,449 INFO [NettyClientSelector_1][Slf4jLoggerFactory.java:95] - closeChannel: close the connection to remote address[] result: true
[${project.name}][${env:SERVER_PORT}] 2022-04-03 10:25:35,605 INFO [Thread-36][EurekaServiceRegistry.java:65] - Unregistering application HNRADIO-DISCOVERY with eureka with status DOWN
[${project.name}][${env:SERVER_PORT}] 2022-04-03 10:25:35,613 INFO [Thread-36][DefaultEurekaServerContext.java:76] - Shutting down ...
[${project.name}][${env:SERVER_PORT}] 2022-04-03 10:25:35,616 INFO [Thread-36][DefaultEurekaServerContext.java:79] - Shut down
[${project.name}][${env:SERVER_PORT}] 2022-04-03 10:25:35,620 INFO [Thread-36][ExecutorConfigurationSupport.java:208] - Shutting down ExecutorService 'applicationTaskExecutor'
[${project.name}][${env:SERVER_PORT}] 2022-04-03 10:25:35,626 INFO [Thread-36][DiscoveryClient.java:888] - Shutting down DiscoveryClient ...
[${project.name}][${env:SERVER_PORT}] 2022-04-03 10:25:35,626 INFO [Thread-36][DiscoveryClient.java:911] - Completed shut down of DiscoveryClient
