[wanxinp2p-consumer-service][${env:SERVER_PORT}] 2022-04-05 04:53:24,198 INFO [NettyClientSelector_1][Slf4jLoggerFactory.java:95] - closeChannel: close the connection to remote address[] result: true
[wanxinp2p-consumer-service][${env:SERVER_PORT}] 2022-04-05 04:53:25,628 INFO [NettyClientSelector_1][Slf4jLoggerFactory.java:95] - closeChannel: close the connection to remote address[] result: true
[wanxinp2p-consumer-service][${env:SERVER_PORT}] 2022-04-05 04:53:26,204 INFO [NettyClientSelector_1][Slf4jLoggerFactory.java:95] - closeChannel: close the connection to remote address[] result: true
[wanxinp2p-consumer-service][${env:SERVER_PORT}] 2022-04-05 04:53:27,766 INFO [NettyClientSelector_1][Slf4jLoggerFactory.java:95] - closeChannel: close the connection to remote address[] result: true
[wanxinp2p-consumer-service][${env:SERVER_PORT}] 2022-04-05 04:53:30,174 INFO [NettyClientSelector_1][Slf4jLoggerFactory.java:95] - closeChannel: close the connection to remote address[] result: true
[wanxinp2p-consumer-service][${env:SERVER_PORT}] 2022-04-05 04:53:30,565 INFO [NettyClientSelector_1][Slf4jLoggerFactory.java:95] - closeChannel: close the connection to remote address[] result: true
[wanxinp2p-consumer-service][${env:SERVER_PORT}] 2022-04-05 04:53:32,499 INFO [NettyClientSelector_1][Slf4jLoggerFactory.java:95] - closeChannel: close the connection to remote address[] result: true
[wanxinp2p-consumer-service][${env:SERVER_PORT}] 2022-04-05 04:53:32,570 INFO [NettyClientSelector_1][Slf4jLoggerFactory.java:95] - closeChannel: close the connection to remote address[] result: true
[wanxinp2p-consumer-service][${env:SERVER_PORT}] 2022-04-05 04:53:34,802 INFO [NettyClientSelector_1][Slf4jLoggerFactory.java:95] - closeChannel: close the connection to remote address[] result: true
[wanxinp2p-consumer-service][${env:SERVER_PORT}] 2022-04-05 04:53:34,828 INFO [NettyClientSelector_1][Slf4jLoggerFactory.java:95] - closeChannel: close the connection to remote address[] result: true
[wanxinp2p-consumer-service][${env:SERVER_PORT}] 2022-04-05 04:53:37,030 INFO [NettyClientSelector_1][Slf4jLoggerFactory.java:95] - closeChannel: close the connection to remote address[] result: true
[wanxinp2p-consumer-service][${env:SERVER_PORT}] 2022-04-05 04:53:37,186 INFO [NettyClientSelector_1][Slf4jLoggerFactory.java:95] - closeChannel: close the connection to remote address[] result: true
[wanxinp2p-consumer-service][${env:SERVER_PORT}] 2022-04-05 04:53:39,035 INFO [NettyClientSelector_1][Slf4jLoggerFactory.java:95] - closeChannel: close the connection to remote address[] result: true
[wanxinp2p-consumer-service][${env:SERVER_PORT}] 2022-04-05 04:53:39,190 INFO [NettyClientSelector_1][Slf4jLoggerFactory.java:95] - closeChannel: close the connection to remote address[] result: true
[wanxinp2p-consumer-service][${env:SERVER_PORT}] 2022-04-05 04:53:41,039 INFO [NettyClientSelector_1][Slf4jLoggerFactory.java:95] - closeChannel: close the connection to remote address[] result: true
[wanxinp2p-consumer-service][${env:SERVER_PORT}] 2022-04-05 04:53:41,194 INFO [NettyClientSelector_1][Slf4jLoggerFactory.java:95] - closeChannel: close the connection to remote address[] result: true
[wanxinp2p-consumer-service][${env:SERVER_PORT}] 2022-04-05 04:53:42,279 INFO [DiscoveryClient-HeartbeatExecutor-0][DiscoveryClient.java:850] - DiscoveryClient_CONSUMER-SERVICE/consumer-service:192.168.56.1:53050 - Re-registering apps/CONSUMER-SERVICE
[wanxinp2p-consumer-service][${env:SERVER_PORT}] 2022-04-05 04:53:42,279 INFO [DiscoveryClient-HeartbeatExecutor-0][DiscoveryClient.java:826] - DiscoveryClient_CONSUMER-SERVICE/consumer-service:192.168.56.1:53050: registering service...
[wanxinp2p-consumer-service][${env:SERVER_PORT}] 2022-04-05 04:53:42,284 INFO [DiscoveryClient-HeartbeatExecutor-0][DiscoveryClient.java:835] - DiscoveryClient_CONSUMER-SERVICE/consumer-service:192.168.56.1:53050 - registration status: 204
[wanxinp2p-consumer-service][${env:SERVER_PORT}] 2022-04-05 04:53:43,045 INFO [NettyClientSelector_1][Slf4jLoggerFactory.java:95] - closeChannel: close the connection to remote address[] result: true
[wanxinp2p-consumer-service][${env:SERVER_PORT}] 2022-04-05 04:53:43,199 INFO [NettyClientSelector_1][Slf4jLoggerFactory.java:95] - closeChannel: close the connection to remote address[] result: true
[wanxinp2p-consumer-service][${env:SERVER_PORT}] 2022-04-05 04:53:45,050 INFO [NettyClientSelector_1][Slf4jLoggerFactory.java:95] - closeChannel: close the connection to remote address[] result: true
[wanxinp2p-consumer-service][${env:SERVER_PORT}] 2022-04-05 04:53:45,204 INFO [NettyClientSelector_1][Slf4jLoggerFactory.java:95] - closeChannel: close the connection to remote address[] result: true
[wanxinp2p-consumer-service][${env:SERVER_PORT}] 2022-04-05 04:53:47,055 INFO [NettyClientSelector_1][Slf4jLoggerFactory.java:95] - closeChannel: close the connection to remote address[] result: true
[wanxinp2p-consumer-service][${env:SERVER_PORT}] 2022-04-05 04:53:47,210 INFO [NettyClientSelector_1][Slf4jLoggerFactory.java:95] - closeChannel: close the connection to remote address[] result: true
[wanxinp2p-consumer-service][${env:SERVER_PORT}] 2022-04-05 04:53:49,060 INFO [NettyClientSelector_1][Slf4jLoggerFactory.java:95] - closeChannel: close the connection to remote address[] result: true
[wanxinp2p-consumer-service][${env:SERVER_PORT}] 2022-04-05 04:53:49,214 INFO [NettyClientSelector_1][Slf4jLoggerFactory.java:95] - closeChannel: close the connection to remote address[] result: true
[wanxinp2p-consumer-service][${env:SERVER_PORT}] 2022-04-05 04:53:51,066 INFO [NettyClientSelector_1][Slf4jLoggerFactory.java:95] - closeChannel: close the connection to remote address[] result: true
[wanxinp2p-consumer-service][${env:SERVER_PORT}] 2022-04-05 04:53:51,230 INFO [NettyClientSelector_1][Slf4jLoggerFactory.java:95] - closeChannel: close the connection to remote address[] result: true
[wanxinp2p-consumer-service][${env:SERVER_PORT}] 2022-04-05 04:53:53,070 INFO [NettyClientSelector_1][Slf4jLoggerFactory.java:95] - closeChannel: close the connection to remote address[] result: true
[wanxinp2p-consumer-service][${env:SERVER_PORT}] 2022-04-05 04:53:53,236 INFO [NettyClientSelector_1][Slf4jLoggerFactory.java:95] - closeChannel: close the connection to remote address[] result: true
[wanxinp2p-consumer-service][${env:SERVER_PORT}] 2022-04-05 04:53:55,075 INFO [NettyClientSelector_1][Slf4jLoggerFactory.java:95] - closeChannel: close the connection to remote address[] result: true
[wanxinp2p-consumer-service][${env:SERVER_PORT}] 2022-04-05 04:53:55,244 INFO [NettyClientSelector_1][Slf4jLoggerFactory.java:95] - closeChannel: close the connection to remote address[] result: true
[wanxinp2p-consumer-service][${env:SERVER_PORT}] 2022-04-05 04:53:57,079 INFO [NettyClientSelector_1][Slf4jLoggerFactory.java:95] - closeChannel: close the connection to remote address[] result: true
[wanxinp2p-consumer-service][${env:SERVER_PORT}] 2022-04-05 04:53:57,247 INFO [NettyClientSelector_1][Slf4jLoggerFactory.java:95] - closeChannel: close the connection to remote address[] result: true
[wanxinp2p-consumer-service][${env:SERVER_PORT}] 2022-04-05 04:53:59,084 INFO [NettyClientSelector_1][Slf4jLoggerFactory.java:95] - closeChannel: close the connection to remote address[] result: true
[wanxinp2p-consumer-service][${env:SERVER_PORT}] 2022-04-05 04:53:59,252 INFO [NettyClientSelector_1][Slf4jLoggerFactory.java:95] - closeChannel: close the connection to remote address[] result: true
[wanxinp2p-consumer-service][${env:SERVER_PORT}] 2022-04-05 04:54:01,092 INFO [NettyClientSelector_1][Slf4jLoggerFactory.java:95] - closeChannel: close the connection to remote address[] result: true
[wanxinp2p-consumer-service][${env:SERVER_PORT}] 2022-04-05 04:54:01,257 INFO [NettyClientSelector_1][Slf4jLoggerFactory.java:95] - closeChannel: close the connection to remote address[] result: true
[wanxinp2p-consumer-service][${env:SERVER_PORT}] 2022-04-05 04:54:03,100 INFO [NettyClientSelector_1][Slf4jLoggerFactory.java:95] - closeChannel: close the connection to remote address[] result: true
[wanxinp2p-consumer-service][${env:SERVER_PORT}] 2022-04-05 04:54:03,260 INFO [NettyClientSelector_1][Slf4jLoggerFactory.java:95] - closeChannel: close the connection to remote address[] result: true
[wanxinp2p-consumer-service][${env:SERVER_PORT}] 2022-04-05 04:54:05,117 INFO [NettyClientSelector_1][Slf4jLoggerFactory.java:95] - closeChannel: close the connection to remote address[] result: true
[wanxinp2p-consumer-service][${env:SERVER_PORT}] 2022-04-05 04:54:05,264 INFO [NettyClientSelector_1][Slf4jLoggerFactory.java:95] - closeChannel: close the connection to remote address[] result: true
[wanxinp2p-consumer-service][${env:SERVER_PORT}] 2022-04-05 04:54:07,270 INFO [NettyClientSelector_1][Slf4jLoggerFactory.java:95] - closeChannel: close the connection to remote address[] result: true
[wanxinp2p-consumer-service][${env:SERVER_PORT}] 2022-04-05 04:54:09,125 INFO [NettyClientSelector_1][Slf4jLoggerFactory.java:95] - closeChannel: close the connection to remote address[] result: true
[wanxinp2p-consumer-service][${env:SERVER_PORT}] 2022-04-05 04:54:09,273 INFO [NettyClientSelector_1][Slf4jLoggerFactory.java:95] - closeChannel: close the connection to remote address[] result: true
[wanxinp2p-consumer-service][${env:SERVER_PORT}] 2022-04-05 04:54:11,128 INFO [NettyClientSelector_1][Slf4jLoggerFactory.java:95] - closeChannel: close the connection to remote address[] result: true
[wanxinp2p-consumer-service][${env:SERVER_PORT}] 2022-04-05 04:54:11,279 INFO [NettyClientSelector_1][Slf4jLoggerFactory.java:95] - closeChannel: close the connection to remote address[] result: true
[wanxinp2p-consumer-service][${env:SERVER_PORT}] 2022-04-05 04:54:13,132 INFO [NettyClientSelector_1][Slf4jLoggerFactory.java:95] - closeChannel: close the connection to remote address[] result: true
[wanxinp2p-consumer-service][${env:SERVER_PORT}] 2022-04-05 04:54:13,283 INFO [NettyClientSelector_1][Slf4jLoggerFactory.java:95] - closeChannel: close the connection to remote address[] result: true
[wanxinp2p-consumer-service][${env:SERVER_PORT}] 2022-04-05 04:54:15,137 INFO [NettyClientSelector_1][Slf4jLoggerFactory.java:95] - closeChannel: close the connection to remote address[] result: true
[wanxinp2p-consumer-service][${env:SERVER_PORT}] 2022-04-05 04:54:15,285 INFO [NettyClientSelector_1][Slf4jLoggerFactory.java:95] - closeChannel: close the connection to remote address[] result: true
[wanxinp2p-consumer-service][${env:SERVER_PORT}] 2022-04-05 04:54:17,139 INFO [NettyClientSelector_1][Slf4jLoggerFactory.java:95] - closeChannel: close the connection to remote address[] result: true
[wanxinp2p-consumer-service][${env:SERVER_PORT}] 2022-04-05 04:54:17,289 INFO [NettyClientSelector_1][Slf4jLoggerFactory.java:95] - closeChannel: close the connection to remote address[] result: true
[wanxinp2p-consumer-service][${env:SERVER_PORT}] 2022-04-05 04:54:19,143 INFO [NettyClientSelector_1][Slf4jLoggerFactory.java:95] - closeChannel: close the connection to remote address[] result: true
[wanxinp2p-consumer-service][${env:SERVER_PORT}] 2022-04-05 04:54:19,294 INFO [NettyClientSelector_1][Slf4jLoggerFactory.java:95] - closeChannel: close the connection to remote address[] result: true
[wanxinp2p-consumer-service][${env:SERVER_PORT}] 2022-04-05 04:54:21,156 INFO [NettyClientSelector_1][Slf4jLoggerFactory.java:95] - closeChannel: close the connection to remote address[] result: true
[wanxinp2p-consumer-service][${env:SERVER_PORT}] 2022-04-05 04:54:21,298 INFO [NettyClientSelector_1][Slf4jLoggerFactory.java:95] - closeChannel: close the connection to remote address[] result: true
[wanxinp2p-consumer-service][${env:SERVER_PORT}] 2022-04-05 04:54:23,159 INFO [NettyClientSelector_1][Slf4jLoggerFactory.java:95] - closeChannel: close the connection to remote address[] result: true
[wanxinp2p-consumer-service][${env:SERVER_PORT}] 2022-04-05 04:54:23,303 INFO [NettyClientSelector_1][Slf4jLoggerFactory.java:95] - closeChannel: close the connection to remote address[] result: true
[wanxinp2p-consumer-service][${env:SERVER_PORT}] 2022-04-05 04:54:25,166 INFO [NettyClientSelector_1][Slf4jLoggerFactory.java:95] - closeChannel: close the connection to remote address[] result: true
[wanxinp2p-consumer-service][${env:SERVER_PORT}] 2022-04-05 04:54:25,306 INFO [NettyClientSelector_1][Slf4jLoggerFactory.java:95] - closeChannel: close the connection to remote address[] result: true
[wanxinp2p-consumer-service][${env:SERVER_PORT}] 2022-04-05 04:54:27,182 INFO [NettyClientSelector_1][Slf4jLoggerFactory.java:95] - closeChannel: close the connection to remote address[] result: true
[wanxinp2p-consumer-service][${env:SERVER_PORT}] 2022-04-05 04:54:27,316 INFO [NettyClientSelector_1][Slf4jLoggerFactory.java:95] - closeChannel: close the connection to remote address[] result: true
[wanxinp2p-consumer-service][${env:SERVER_PORT}] 2022-04-05 04:54:29,187 INFO [NettyClientSelector_1][Slf4jLoggerFactory.java:95] - closeChannel: close the connection to remote address[] result: true
[wanxinp2p-consumer-service][${env:SERVER_PORT}] 2022-04-05 04:54:29,321 INFO [NettyClientSelector_1][Slf4jLoggerFactory.java:95] - closeChannel: close the connection to remote address[] result: true
[wanxinp2p-consumer-service][${env:SERVER_PORT}] 2022-04-05 04:54:31,190 INFO [NettyClientSelector_1][Slf4jLoggerFactory.java:95] - closeChannel: close the connection to remote address[] result: true
[wanxinp2p-consumer-service][${env:SERVER_PORT}] 2022-04-05 04:54:31,326 INFO [NettyClientSelector_1][Slf4jLoggerFactory.java:95] - closeChannel: close the connection to remote address[] result: true
[wanxinp2p-consumer-service][${env:SERVER_PORT}] 2022-04-05 04:54:33,193 INFO [NettyClientSelector_1][Slf4jLoggerFactory.java:95] - closeChannel: close the connection to remote address[] result: true
[wanxinp2p-consumer-service][${env:SERVER_PORT}] 2022-04-05 04:54:33,329 INFO [NettyClientSelector_1][Slf4jLoggerFactory.java:95] - closeChannel: close the connection to remote address[] result: true
[wanxinp2p-consumer-service][${env:SERVER_PORT}] 2022-04-05 04:54:35,213 INFO [NettyClientSelector_1][Slf4jLoggerFactory.java:95] - closeChannel: close the connection to remote address[] result: true
[wanxinp2p-consumer-service][${env:SERVER_PORT}] 2022-04-05 04:54:35,333 INFO [NettyClientSelector_1][Slf4jLoggerFactory.java:95] - closeChannel: close the connection to remote address[] result: true
[wanxinp2p-consumer-service][${env:SERVER_PORT}] 2022-04-05 04:54:37,222 INFO [NettyClientSelector_1][Slf4jLoggerFactory.java:95] - closeChannel: close the connection to remote address[] result: true
[wanxinp2p-consumer-service][${env:SERVER_PORT}] 2022-04-05 04:54:37,336 INFO [NettyClientSelector_1][Slf4jLoggerFactory.java:95] - closeChannel: close the connection to remote address[] result: true
[wanxinp2p-consumer-service][${env:SERVER_PORT}] 2022-04-05 04:54:39,226 INFO [NettyClientSelector_1][Slf4jLoggerFactory.java:95] - closeChannel: close the connection to remote address[] result: true
[wanxinp2p-consumer-service][${env:SERVER_PORT}] 2022-04-05 04:54:39,338 INFO [NettyClientSelector_1][Slf4jLoggerFactory.java:95] - closeChannel: close the connection to remote address[] result: true
[wanxinp2p-consumer-service][${env:SERVER_PORT}] 2022-04-05 04:54:41,229 INFO [NettyClientSelector_1][Slf4jLoggerFactory.java:95] - closeChannel: close the connection to remote address[] result: true
[wanxinp2p-consumer-service][${env:SERVER_PORT}] 2022-04-05 04:54:41,341 INFO [NettyClientSelector_1][Slf4jLoggerFactory.java:95] - closeChannel: close the connection to remote address[] result: true
[wanxinp2p-consumer-service][${env:SERVER_PORT}] 2022-04-05 04:54:43,251 INFO [NettyClientSelector_1][Slf4jLoggerFactory.java:95] - closeChannel: close the connection to remote address[] result: true
[wanxinp2p-consumer-service][${env:SERVER_PORT}] 2022-04-05 04:54:43,345 INFO [NettyClientSelector_1][Slf4jLoggerFactory.java:95] - closeChannel: close the connection to remote address[] result: true
[wanxinp2p-consumer-service][${env:SERVER_PORT}] 2022-04-05 04:54:45,252 INFO [NettyClientSelector_1][Slf4jLoggerFactory.java:95] - closeChannel: close the connection to remote address[] result: true
[wanxinp2p-consumer-service][${env:SERVER_PORT}] 2022-04-05 04:54:45,348 INFO [NettyClientSelector_1][Slf4jLoggerFactory.java:95] - closeChannel: close the connection to remote address[] result: true
[wanxinp2p-consumer-service][${env:SERVER_PORT}] 2022-04-05 04:54:47,257 INFO [NettyClientSelector_1][Slf4jLoggerFactory.java:95] - closeChannel: close the connection to remote address[] result: true
[wanxinp2p-consumer-service][${env:SERVER_PORT}] 2022-04-05 04:54:47,350 INFO [NettyClientSelector_1][Slf4jLoggerFactory.java:95] - closeChannel: close the connection to remote address[] result: true
[wanxinp2p-consumer-service][${env:SERVER_PORT}] 2022-04-05 04:54:49,261 INFO [NettyClientSelector_1][Slf4jLoggerFactory.java:95] - closeChannel: close the connection to remote address[] result: true
[wanxinp2p-consumer-service][${env:SERVER_PORT}] 2022-04-05 04:54:49,352 INFO [NettyClientSelector_1][Slf4jLoggerFactory.java:95] - closeChannel: close the connection to remote address[] result: true
[wanxinp2p-consumer-service][${env:SERVER_PORT}] 2022-04-05 04:54:51,265 INFO [NettyClientSelector_1][Slf4jLoggerFactory.java:95] - closeChannel: close the connection to remote address[] result: true
[wanxinp2p-consumer-service][${env:SERVER_PORT}] 2022-04-05 04:54:51,355 INFO [NettyClientSelector_1][Slf4jLoggerFactory.java:95] - closeChannel: close the connection to remote address[] result: true
[wanxinp2p-consumer-service][${env:SERVER_PORT}] 2022-04-05 04:54:53,270 INFO [NettyClientSelector_1][Slf4jLoggerFactory.java:95] - closeChannel: close the connection to remote address[] result: true
[wanxinp2p-consumer-service][${env:SERVER_PORT}] 2022-04-05 04:54:53,359 INFO [NettyClientSelector_1][Slf4jLoggerFactory.java:95] - closeChannel: close the connection to remote address[] result: true
[wanxinp2p-consumer-service][${env:SERVER_PORT}] 2022-04-05 04:54:55,274 INFO [NettyClientSelector_1][Slf4jLoggerFactory.java:95] - closeChannel: close the connection to remote address[] result: true
[wanxinp2p-consumer-service][${env:SERVER_PORT}] 2022-04-05 04:54:55,363 INFO [NettyClientSelector_1][Slf4jLoggerFactory.java:95] - closeChannel: close the connection to remote address[] result: true
[wanxinp2p-consumer-service][${env:SERVER_PORT}] 2022-04-05 04:54:57,277 INFO [NettyClientSelector_1][Slf4jLoggerFactory.java:95] - closeChannel: close the connection to remote address[] result: true
[wanxinp2p-consumer-service][${env:SERVER_PORT}] 2022-04-05 04:54:57,366 INFO [NettyClientSelector_1][Slf4jLoggerFactory.java:95] - closeChannel: close the connection to remote address[] result: true
[wanxinp2p-consumer-service][${env:SERVER_PORT}] 2022-04-05 04:54:59,282 INFO [NettyClientSelector_1][Slf4jLoggerFactory.java:95] - closeChannel: close the connection to remote address[] result: true
[wanxinp2p-consumer-service][${env:SERVER_PORT}] 2022-04-05 04:54:59,369 INFO [NettyClientSelector_1][Slf4jLoggerFactory.java:95] - closeChannel: close the connection to remote address[] result: true
[wanxinp2p-consumer-service][${env:SERVER_PORT}] 2022-04-05 04:55:01,285 INFO [NettyClientSelector_1][Slf4jLoggerFactory.java:95] - closeChannel: close the connection to remote address[] result: true
[wanxinp2p-consumer-service][${env:SERVER_PORT}] 2022-04-05 04:55:01,374 INFO [NettyClientSelector_1][Slf4jLoggerFactory.java:95] - closeChannel: close the connection to remote address[] result: true
[wanxinp2p-consumer-service][${env:SERVER_PORT}] 2022-04-05 04:55:03,288 INFO [NettyClientSelector_1][Slf4jLoggerFactory.java:95] - closeChannel: close the connection to remote address[] result: true
[wanxinp2p-consumer-service][${env:SERVER_PORT}] 2022-04-05 04:55:03,378 INFO [NettyClientSelector_1][Slf4jLoggerFactory.java:95] - closeChannel: close the connection to remote address[] result: true
[wanxinp2p-consumer-service][${env:SERVER_PORT}] 2022-04-05 04:55:05,303 INFO [NettyClientSelector_1][Slf4jLoggerFactory.java:95] - closeChannel: close the connection to remote address[] result: true
[wanxinp2p-consumer-service][${env:SERVER_PORT}] 2022-04-05 04:55:05,379 INFO [NettyClientSelector_1][Slf4jLoggerFactory.java:95] - closeChannel: close the connection to remote address[] result: true
[wanxinp2p-consumer-service][${env:SERVER_PORT}] 2022-04-05 04:55:07,320 INFO [NettyClientSelector_1][Slf4jLoggerFactory.java:95] - closeChannel: close the connection to remote address[] result: true
[wanxinp2p-consumer-service][${env:SERVER_PORT}] 2022-04-05 04:55:07,381 INFO [NettyClientSelector_1][Slf4jLoggerFactory.java:95] - closeChannel: close the connection to remote address[] result: true
[wanxinp2p-consumer-service][${env:SERVER_PORT}] 2022-04-05 04:55:09,322 INFO [NettyClientSelector_1][Slf4jLoggerFactory.java:95] - closeChannel: close the connection to remote address[] result: true
[wanxinp2p-consumer-service][${env:SERVER_PORT}] 2022-04-05 04:55:09,383 INFO [NettyClientSelector_1][Slf4jLoggerFactory.java:95] - closeChannel: close the connection to remote address[] result: true
[wanxinp2p-consumer-service][${env:SERVER_PORT}] 2022-04-05 04:55:11,326 INFO [NettyClientSelector_1][Slf4jLoggerFactory.java:95] - closeChannel: close the connection to remote address[] result: true
[wanxinp2p-consumer-service][${env:SERVER_PORT}] 2022-04-05 04:55:11,387 INFO [NettyClientSelector_1][Slf4jLoggerFactory.java:95] - closeChannel: close the connection to remote address[] result: true
[wanxinp2p-consumer-service][${env:SERVER_PORT}] 2022-04-05 04:55:13,342 INFO [NettyClientSelector_1][Slf4jLoggerFactory.java:95] - closeChannel: close the connection to remote address[] result: true
[wanxinp2p-consumer-service][${env:SERVER_PORT}] 2022-04-05 04:55:13,389 INFO [NettyClientSelector_1][Slf4jLoggerFactory.java:95] - closeChannel: close the connection to remote address[] result: true
[wanxinp2p-consumer-service][${env:SERVER_PORT}] 2022-04-05 04:55:15,346 INFO [NettyClientSelector_1][Slf4jLoggerFactory.java:95] - closeChannel: close the connection to remote address[] result: true
[wanxinp2p-consumer-service][${env:SERVER_PORT}] 2022-04-05 04:55:15,391 INFO [NettyClientSelector_1][Slf4jLoggerFactory.java:95] - closeChannel: close the connection to remote address[] result: true
[wanxinp2p-consumer-service][${env:SERVER_PORT}] 2022-04-05 04:55:17,350 INFO [NettyClientSelector_1][Slf4jLoggerFactory.java:95] - closeChannel: close the connection to remote address[] result: true
[wanxinp2p-consumer-service][${env:SERVER_PORT}] 2022-04-05 04:55:17,394 INFO [NettyClientSelector_1][Slf4jLoggerFactory.java:95] - closeChannel: close the connection to remote address[] result: true
[wanxinp2p-consumer-service][${env:SERVER_PORT}] 2022-04-05 04:55:19,354 INFO [NettyClientSelector_1][Slf4jLoggerFactory.java:95] - closeChannel: close the connection to remote address[] result: true
[wanxinp2p-consumer-service][${env:SERVER_PORT}] 2022-04-05 04:55:19,400 INFO [NettyClientSelector_1][Slf4jLoggerFactory.java:95] - closeChannel: close the connection to remote address[] result: true
[wanxinp2p-consumer-service][${env:SERVER_PORT}] 2022-04-05 04:55:21,357 INFO [NettyClientSelector_1][Slf4jLoggerFactory.java:95] - closeChannel: close the connection to remote address[] result: true
[wanxinp2p-consumer-service][${env:SERVER_PORT}] 2022-04-05 04:55:21,401 INFO [NettyClientSelector_1][Slf4jLoggerFactory.java:95] - closeChannel: close the connection to remote address[] result: true
[wanxinp2p-consumer-service][${env:SERVER_PORT}] 2022-04-05 04:55:23,360 INFO [NettyClientSelector_1][Slf4jLoggerFactory.java:95] - closeChannel: close the connection to remote address[] result: true
[wanxinp2p-consumer-service][${env:SERVER_PORT}] 2022-04-05 04:55:23,405 INFO [NettyClientSelector_1][Slf4jLoggerFactory.java:95] - closeChannel: close the connection to remote address[] result: true
[wanxinp2p-consumer-service][${env:SERVER_PORT}] 2022-04-05 04:55:25,364 INFO [NettyClientSelector_1][Slf4jLoggerFactory.java:95] - closeChannel: close the connection to remote address[] result: true
[wanxinp2p-consumer-service][${env:SERVER_PORT}] 2022-04-05 04:55:25,410 INFO [NettyClientSelector_1][Slf4jLoggerFactory.java:95] - closeChannel: close the connection to remote address[] result: true
[wanxinp2p-consumer-service][${env:SERVER_PORT}] 2022-04-05 04:55:27,367 INFO [NettyClientSelector_1][Slf4jLoggerFactory.java:95] - closeChannel: close the connection to remote address[] result: true
[wanxinp2p-consumer-service][${env:SERVER_PORT}] 2022-04-05 04:55:27,415 INFO [NettyClientSelector_1][Slf4jLoggerFactory.java:95] - closeChannel: close the connection to remote address[] result: true
[wanxinp2p-consumer-service][${env:SERVER_PORT}] 2022-04-05 04:55:29,369 INFO [NettyClientSelector_1][Slf4jLoggerFactory.java:95] - closeChannel: close the connection to remote address[] result: true
[wanxinp2p-consumer-service][${env:SERVER_PORT}] 2022-04-05 04:55:29,417 INFO [NettyClientSelector_1][Slf4jLoggerFactory.java:95] - closeChannel: close the connection to remote address[] result: true
[wanxinp2p-consumer-service][${env:SERVER_PORT}] 2022-04-05 04:55:31,381 INFO [NettyClientSelector_1][Slf4jLoggerFactory.java:95] - closeChannel: close the connection to remote address[] result: true
[wanxinp2p-consumer-service][${env:SERVER_PORT}] 2022-04-05 04:55:31,421 INFO [NettyClientSelector_1][Slf4jLoggerFactory.java:95] - closeChannel: close the connection to remote address[] result: true
[wanxinp2p-consumer-service][${env:SERVER_PORT}] 2022-04-05 04:55:33,384 INFO [NettyClientSelector_1][Slf4jLoggerFactory.java:95] - closeChannel: close the connection to remote address[] result: true
[wanxinp2p-consumer-service][${env:SERVER_PORT}] 2022-04-05 04:55:33,423 INFO [NettyClientSelector_1][Slf4jLoggerFactory.java:95] - closeChannel: close the connection to remote address[] result: true
[wanxinp2p-consumer-service][${env:SERVER_PORT}] 2022-04-05 04:55:35,388 INFO [NettyClientSelector_1][Slf4jLoggerFactory.java:95] - closeChannel: close the connection to remote address[] result: true
[wanxinp2p-consumer-service][${env:SERVER_PORT}] 2022-04-05 04:55:35,425 INFO [NettyClientSelector_1][Slf4jLoggerFactory.java:95] - closeChannel: close the connection to remote address[] result: true
[wanxinp2p-consumer-service][${env:SERVER_PORT}] 2022-04-05 04:55:37,393 INFO [NettyClientSelector_1][Slf4jLoggerFactory.java:95] - closeChannel: close the connection to remote address[] result: true
[wanxinp2p-consumer-service][${env:SERVER_PORT}] 2022-04-05 04:55:37,428 INFO [NettyClientSelector_1][Slf4jLoggerFactory.java:95] - closeChannel: close the connection to remote address[] result: true
[wanxinp2p-consumer-service][${env:SERVER_PORT}] 2022-04-05 04:55:39,396 INFO [NettyClientSelector_1][Slf4jLoggerFactory.java:95] - closeChannel: close the connection to remote address[] result: true
[wanxinp2p-consumer-service][${env:SERVER_PORT}] 2022-04-05 04:55:39,432 INFO [NettyClientSelector_1][Slf4jLoggerFactory.java:95] - closeChannel: close the connection to remote address[] result: true
[wanxinp2p-consumer-service][${env:SERVER_PORT}] 2022-04-05 04:55:41,397 INFO [NettyClientSelector_1][Slf4jLoggerFactory.java:95] - closeChannel: close the connection to remote address[] result: true
[wanxinp2p-consumer-service][${env:SERVER_PORT}] 2022-04-05 04:55:41,436 INFO [NettyClientSelector_1][Slf4jLoggerFactory.java:95] - closeChannel: close the connection to remote address[] result: true
[wanxinp2p-consumer-service][${env:SERVER_PORT}] 2022-04-05 04:55:43,401 INFO [NettyClientSelector_1][Slf4jLoggerFactory.java:95] - closeChannel: close the connection to remote address[] result: true
[wanxinp2p-consumer-service][${env:SERVER_PORT}] 2022-04-05 04:55:43,441 INFO [NettyClientSelector_1][Slf4jLoggerFactory.java:95] - closeChannel: close the connection to remote address[] result: true
[wanxinp2p-consumer-service][${env:SERVER_PORT}] 2022-04-05 04:55:45,403 INFO [NettyClientSelector_1][Slf4jLoggerFactory.java:95] - closeChannel: close the connection to remote address[] result: true
[wanxinp2p-consumer-service][${env:SERVER_PORT}] 2022-04-05 04:55:45,447 INFO [NettyClientSelector_1][Slf4jLoggerFactory.java:95] - closeChannel: close the connection to remote address[] result: true
[wanxinp2p-consumer-service][${env:SERVER_PORT}] 2022-04-05 04:55:47,406 INFO [NettyClientSelector_1][Slf4jLoggerFactory.java:95] - closeChannel: close the connection to remote address[] result: true
[wanxinp2p-consumer-service][${env:SERVER_PORT}] 2022-04-05 04:55:47,450 INFO [NettyClientSelector_1][Slf4jLoggerFactory.java:95] - closeChannel: close the connection to remote address[] result: true
[wanxinp2p-consumer-service][${env:SERVER_PORT}] 2022-04-05 04:55:49,411 INFO [NettyClientSelector_1][Slf4jLoggerFactory.java:95] - closeChannel: close the connection to remote address[] result: true
[wanxinp2p-consumer-service][${env:SERVER_PORT}] 2022-04-05 04:55:49,454 INFO [NettyClientSelector_1][Slf4jLoggerFactory.java:95] - closeChannel: close the connection to remote address[] result: true
[wanxinp2p-consumer-service][${env:SERVER_PORT}] 2022-04-05 04:55:51,415 INFO [NettyClientSelector_1][Slf4jLoggerFactory.java:95] - closeChannel: close the connection to remote address[] result: true
[wanxinp2p-consumer-service][${env:SERVER_PORT}] 2022-04-05 04:55:51,457 INFO [NettyClientSelector_1][Slf4jLoggerFactory.java:95] - closeChannel: close the connection to remote address[] result: true
[wanxinp2p-consumer-service][${env:SERVER_PORT}] 2022-04-05 04:55:53,417 INFO [NettyClientSelector_1][Slf4jLoggerFactory.java:95] - closeChannel: close the connection to remote address[] result: true
[wanxinp2p-consumer-service][${env:SERVER_PORT}] 2022-04-05 04:55:53,460 INFO [NettyClientSelector_1][Slf4jLoggerFactory.java:95] - closeChannel: close the connection to remote address[] result: true
[wanxinp2p-consumer-service][${env:SERVER_PORT}] 2022-04-05 04:55:55,420 INFO [NettyClientSelector_1][Slf4jLoggerFactory.java:95] - closeChannel: close the connection to remote address[] result: true
[wanxinp2p-consumer-service][${env:SERVER_PORT}] 2022-04-05 04:55:55,475 INFO [NettyClientSelector_1][Slf4jLoggerFactory.java:95] - closeChannel: close the connection to remote address[] result: true
[wanxinp2p-consumer-service][${env:SERVER_PORT}] 2022-04-05 04:55:57,423 INFO [NettyClientSelector_1][Slf4jLoggerFactory.java:95] - closeChannel: close the connection to remote address[] result: true
[wanxinp2p-consumer-service][${env:SERVER_PORT}] 2022-04-05 04:55:57,479 INFO [NettyClientSelector_1][Slf4jLoggerFactory.java:95] - closeChannel: close the connection to remote address[] result: true
[wanxinp2p-consumer-service][${env:SERVER_PORT}] 2022-04-05 04:55:59,436 INFO [NettyClientSelector_1][Slf4jLoggerFactory.java:95] - closeChannel: close the connection to remote address[] result: true
[wanxinp2p-consumer-service][${env:SERVER_PORT}] 2022-04-05 04:55:59,482 INFO [NettyClientSelector_1][Slf4jLoggerFactory.java:95] - closeChannel: close the connection to remote address[] result: true
[wanxinp2p-consumer-service][${env:SERVER_PORT}] 2022-04-05 04:56:01,441 INFO [NettyClientSelector_1][Slf4jLoggerFactory.java:95] - closeChannel: close the connection to remote address[] result: true
[wanxinp2p-consumer-service][${env:SERVER_PORT}] 2022-04-05 04:56:01,486 INFO [NettyClientSelector_1][Slf4jLoggerFactory.java:95] - closeChannel: close the connection to remote address[] result: true
[wanxinp2p-consumer-service][${env:SERVER_PORT}] 2022-04-05 04:56:03,444 INFO [NettyClientSelector_1][Slf4jLoggerFactory.java:95] - closeChannel: close the connection to remote address[] result: true
[wanxinp2p-consumer-service][${env:SERVER_PORT}] 2022-04-05 04:56:03,489 INFO [NettyClientSelector_1][Slf4jLoggerFactory.java:95] - closeChannel: close the connection to remote address[] result: true
[wanxinp2p-consumer-service][${env:SERVER_PORT}] 2022-04-05 04:56:05,447 INFO [NettyClientSelector_1][Slf4jLoggerFactory.java:95] - closeChannel: close the connection to remote address[] result: true
[wanxinp2p-consumer-service][${env:SERVER_PORT}] 2022-04-05 04:56:05,505 INFO [NettyClientSelector_1][Slf4jLoggerFactory.java:95] - closeChannel: close the connection to remote address[] result: true
[wanxinp2p-consumer-service][${env:SERVER_PORT}] 2022-04-05 04:56:07,459 INFO [NettyClientSelector_1][Slf4jLoggerFactory.java:95] - closeChannel: close the connection to remote address[] result: true
[wanxinp2p-consumer-service][${env:SERVER_PORT}] 2022-04-05 04:56:07,521 INFO [NettyClientSelector_1][Slf4jLoggerFactory.java:95] - closeChannel: close the connection to remote address[] result: true
[wanxinp2p-consumer-service][${env:SERVER_PORT}] 2022-04-05 04:56:09,476 INFO [NettyClientSelector_1][Slf4jLoggerFactory.java:95] - closeChannel: close the connection to remote address[] result: true
[wanxinp2p-consumer-service][${env:SERVER_PORT}] 2022-04-05 04:56:09,527 INFO [NettyClientSelector_1][Slf4jLoggerFactory.java:95] - closeChannel: close the connection to remote address[] result: true
[wanxinp2p-consumer-service][${env:SERVER_PORT}] 2022-04-05 04:56:11,491 INFO [NettyClientSelector_1][Slf4jLoggerFactory.java:95] - closeChannel: close the connection to remote address[] result: true
[wanxinp2p-consumer-service][${env:SERVER_PORT}] 2022-04-05 04:56:11,529 INFO [NettyClientSelector_1][Slf4jLoggerFactory.java:95] - closeChannel: close the connection to remote address[] result: true
[wanxinp2p-consumer-service][${env:SERVER_PORT}] 2022-04-05 04:56:12,675 INFO [Thread-67][EurekaServiceRegistry.java:65] - Unregistering application CONSUMER-SERVICE with eureka with status DOWN
[wanxinp2p-consumer-service][${env:SERVER_PORT}] 2022-04-05 04:56:12,675 WARN [Thread-67][DiscoveryClient.java:1303] - Saw local status change event StatusChangeEvent [timestamp=1649105772675, current=DOWN, previous=UP]
[wanxinp2p-consumer-service][${env:SERVER_PORT}] 2022-04-05 04:56:12,675 INFO [DiscoveryClient-InstanceInfoReplicator-0][DiscoveryClient.java:826] - DiscoveryClient_CONSUMER-SERVICE/consumer-service:192.168.56.1:53050: registering service...
[wanxinp2p-consumer-service][${env:SERVER_PORT}] 2022-04-05 04:56:12,681 INFO [Thread-67][ExecutorConfigurationSupport.java:208] - Shutting down ExecutorService 'applicationTaskExecutor'
[wanxinp2p-consumer-service][${env:SERVER_PORT}] 2022-04-05 04:56:12,681 INFO [DiscoveryClient-InstanceInfoReplicator-0][DiscoveryClient.java:835] - DiscoveryClient_CONSUMER-SERVICE/consumer-service:192.168.56.1:53050 - registration status: 204
[wanxinp2p-consumer-service][${env:SERVER_PORT}] 2022-04-05 04:56:13,502 INFO [NettyClientSelector_1][Slf4jLoggerFactory.java:95] - closeChannel: close the connection to remote address[] result: true
[wanxinp2p-consumer-service][${env:SERVER_PORT}] 2022-04-05 04:56:13,531 INFO [NettyClientSelector_1][Slf4jLoggerFactory.java:95] - closeChannel: close the connection to remote address[] result: true
[wanxinp2p-consumer-service][${env:SERVER_PORT}] 2022-04-05 04:56:13,799 INFO [Thread-67][DruidDataSource.java:1885] - {dataSource-1} closing ...
[wanxinp2p-consumer-service][${env:SERVER_PORT}] 2022-04-05 04:56:13,803 INFO [Thread-67][DruidDataSource.java:1955] - {dataSource-1} closed
[wanxinp2p-consumer-service][${env:SERVER_PORT}] 2022-04-05 04:56:13,807 INFO [NettyClientSelector_1][Slf4jLoggerFactory.java:95] - closeChannel: close the connection to remote address[] result: true
[wanxinp2p-consumer-service][${env:SERVER_PORT}] 2022-04-05 04:56:13,808 INFO [NettyClientSelector_1][Slf4jLoggerFactory.java:95] - closeChannel: close the connection to remote address[] result: true
[wanxinp2p-consumer-service][${env:SERVER_PORT}] 2022-04-05 04:56:13,808 INFO [Thread-67][DisposableBeanAdapter.java:265] - Invocation of destroy method failed on bean with name 'rocketMQTemplate': java.lang.IllegalStateException: Shutdown in progress
[wanxinp2p-consumer-service][${env:SERVER_PORT}] 2022-04-05 04:56:13,808 INFO [Thread-67][DisposableBeanAdapter.java:347] - Destroy method 'shutdown' on bean with name 'defaultMQProducer' threw an exception: java.lang.IllegalStateException: Shutdown in progress
[wanxinp2p-consumer-service][${env:SERVER_PORT}] 2022-04-05 04:56:13,808 INFO [Thread-67][DiscoveryClient.java:888] - Shutting down DiscoveryClient ...
[wanxinp2p-consumer-service][${env:SERVER_PORT}] 2022-04-05 04:56:16,810 INFO [Thread-67][DiscoveryClient.java:922] - Unregistering ...
[wanxinp2p-consumer-service][${env:SERVER_PORT}] 2022-04-05 04:56:16,814 INFO [Thread-67][DiscoveryClient.java:924] - DiscoveryClient_CONSUMER-SERVICE/consumer-service:192.168.56.1:53050 - deregister  status: 200
[wanxinp2p-consumer-service][${env:SERVER_PORT}] 2022-04-05 04:56:16,821 INFO [Thread-67][DiscoveryClient.java:911] - Completed shut down of DiscoveryClient
