[wanxinp2p-gateway-server][${env:SERVER_PORT}] 2022-04-05 06:02:52,244 INFO [http-nio-53010-exec-3][ChainedDynamicProperty.java:115] - Flipping property: consumer-service.ribbon.ActiveConnectionsLimit to use NEXT property: niws.loadbalancer.availabilityFilteringRule.activeConnectionsLimit = 2147483647
[wanxinp2p-gateway-server][${env:SERVER_PORT}] 2022-04-05 06:02:52,261 INFO [http-nio-53010-exec-3][ShutdownEnabledTimer.java:58] - Shutdown hook installed for: NFLoadBalancer-PingTimer-consumer-service
[wanxinp2p-gateway-server][${env:SERVER_PORT}] 2022-04-05 06:02:52,262 INFO [http-nio-53010-exec-3][BaseLoadBalancer.java:197] - Client: consumer-service instantiated a LoadBalancer: DynamicServerListLoadBalancer:{NFLoadBalancer:name=consumer-service,current list of Servers=[],Load balancer stats=Zone stats: {},Server stats: []}ServerList:null
[wanxinp2p-gateway-server][${env:SERVER_PORT}] 2022-04-05 06:02:52,267 INFO [http-nio-53010-exec-3][DynamicServerListLoadBalancer.java:222] - Using serverListUpdater PollingServerListUpdater
[wanxinp2p-gateway-server][${env:SERVER_PORT}] 2022-04-05 06:02:52,281 INFO [http-nio-53010-exec-3][ChainedDynamicProperty.java:115] - Flipping property: consumer-service.ribbon.ActiveConnectionsLimit to use NEXT property: niws.loadbalancer.availabilityFilteringRule.activeConnectionsLimit = 2147483647
[wanxinp2p-gateway-server][${env:SERVER_PORT}] 2022-04-05 06:02:52,283 INFO [http-nio-53010-exec-3][DynamicServerListLoadBalancer.java:150] - DynamicServerListLoadBalancer for client consumer-service initialized: DynamicServerListLoadBalancer:{NFLoadBalancer:name=consumer-service,current list of Servers=[192.168.56.1:53050],Load balancer stats=Zone stats: {defaultzone=[Zone:defaultzone;	Instance count:1;	Active connections count: 0;	Circuit breaker tripped count: 0;	Active connections per server: 0.0;]
},Server stats: [[Server:192.168.56.1:53050;	Zone:defaultZone;	Total Requests:0;	Successive connection failure:0;	Total blackout seconds:0;	Last connection made:Thu Jan 01 08:00:00 CST 1970;	First connection made: Thu Jan 01 08:00:00 CST 1970;	Active Connections:0;	total failure count in last (1000) msecs:0;	average resp time:0.0;	90 percentile resp time:0.0;	95 percentile resp time:0.0;	min resp time:0.0;	max resp time:0.0;	stddev resp time:0.0]
]}ServerList:org.springframework.cloud.netflix.ribbon.eureka.DomainExtractingServerList@6ec9b606
[wanxinp2p-gateway-server][${env:SERVER_PORT}] 2022-04-05 06:02:53,270 INFO [PollingServerListUpdater-0][ChainedDynamicProperty.java:115] - Flipping property: consumer-service.ribbon.ActiveConnectionsLimit to use NEXT property: niws.loadbalancer.availabilityFilteringRule.activeConnectionsLimit = 2147483647
[wanxinp2p-gateway-server][${env:SERVER_PORT}] 2022-04-05 06:03:13,174 INFO [AsyncResolver-bootstrap-executor-0][ConfigClusterResolver.java:43] - Resolving eureka endpoints via configuration
[wanxinp2p-gateway-server][${env:SERVER_PORT}] 2022-04-05 06:08:13,175 INFO [AsyncResolver-bootstrap-executor-0][ConfigClusterResolver.java:43] - Resolving eureka endpoints via configuration
[wanxinp2p-gateway-server][${env:SERVER_PORT}] 2022-04-05 06:11:09,131 INFO [http-nio-53010-exec-1][ChainedDynamicProperty.java:115] - Flipping property: account-service.ribbon.ActiveConnectionsLimit to use NEXT property: niws.loadbalancer.availabilityFilteringRule.activeConnectionsLimit = 2147483647
[wanxinp2p-gateway-server][${env:SERVER_PORT}] 2022-04-05 06:11:09,133 INFO [http-nio-53010-exec-1][ShutdownEnabledTimer.java:58] - Shutdown hook installed for: NFLoadBalancer-PingTimer-account-service
[wanxinp2p-gateway-server][${env:SERVER_PORT}] 2022-04-05 06:11:09,133 INFO [http-nio-53010-exec-1][BaseLoadBalancer.java:197] - Client: account-service instantiated a LoadBalancer: DynamicServerListLoadBalancer:{NFLoadBalancer:name=account-service,current list of Servers=[],Load balancer stats=Zone stats: {},Server stats: []}ServerList:null
[wanxinp2p-gateway-server][${env:SERVER_PORT}] 2022-04-05 06:11:09,134 INFO [http-nio-53010-exec-1][DynamicServerListLoadBalancer.java:222] - Using serverListUpdater PollingServerListUpdater
[wanxinp2p-gateway-server][${env:SERVER_PORT}] 2022-04-05 06:11:09,136 INFO [http-nio-53010-exec-1][ChainedDynamicProperty.java:115] - Flipping property: account-service.ribbon.ActiveConnectionsLimit to use NEXT property: niws.loadbalancer.availabilityFilteringRule.activeConnectionsLimit = 2147483647
[wanxinp2p-gateway-server][${env:SERVER_PORT}] 2022-04-05 06:11:09,136 INFO [http-nio-53010-exec-1][DynamicServerListLoadBalancer.java:150] - DynamicServerListLoadBalancer for client account-service initialized: DynamicServerListLoadBalancer:{NFLoadBalancer:name=account-service,current list of Servers=[192.168.56.1:53030],Load balancer stats=Zone stats: {defaultzone=[Zone:defaultzone;	Instance count:1;	Active connections count: 0;	Circuit breaker tripped count: 0;	Active connections per server: 0.0;]
},Server stats: [[Server:192.168.56.1:53030;	Zone:defaultZone;	Total Requests:0;	Successive connection failure:0;	Total blackout seconds:0;	Last connection made:Thu Jan 01 08:00:00 CST 1970;	First connection made: Thu Jan 01 08:00:00 CST 1970;	Active Connections:0;	total failure count in last (1000) msecs:0;	average resp time:0.0;	90 percentile resp time:0.0;	95 percentile resp time:0.0;	min resp time:0.0;	max resp time:0.0;	stddev resp time:0.0]
]}ServerList:org.springframework.cloud.netflix.ribbon.eureka.DomainExtractingServerList@586159f6
[wanxinp2p-gateway-server][${env:SERVER_PORT}] 2022-04-05 06:11:10,137 INFO [PollingServerListUpdater-0][ChainedDynamicProperty.java:115] - Flipping property: account-service.ribbon.ActiveConnectionsLimit to use NEXT property: niws.loadbalancer.availabilityFilteringRule.activeConnectionsLimit = 2147483647
[wanxinp2p-gateway-server][${env:SERVER_PORT}] 2022-04-05 06:13:13,177 INFO [AsyncResolver-bootstrap-executor-0][ConfigClusterResolver.java:43] - Resolving eureka endpoints via configuration
[wanxinp2p-gateway-server][${env:SERVER_PORT}] 2022-04-05 06:17:45,274 INFO [Thread-67][PollingServerListUpdater.java:53] - Shutting down the Executor Pool for PollingServerListUpdater
[wanxinp2p-gateway-server][${env:SERVER_PORT}] 2022-04-05 06:17:45,275 INFO [Thread-51][EurekaServiceRegistry.java:65] - Unregistering application GATEWAY-SERVER with eureka with status DOWN
[wanxinp2p-gateway-server][${env:SERVER_PORT}] 2022-04-05 06:17:45,276 WARN [Thread-51][DiscoveryClient.java:1303] - Saw local status change event StatusChangeEvent [timestamp=1649110665276, current=DOWN, previous=UP]
[wanxinp2p-gateway-server][${env:SERVER_PORT}] 2022-04-05 06:17:45,276 INFO [DiscoveryClient-InstanceInfoReplicator-0][DiscoveryClient.java:826] - DiscoveryClient_GATEWAY-SERVER/gateway-server:192.168.56.1:53010: registering service...
[wanxinp2p-gateway-server][${env:SERVER_PORT}] 2022-04-05 06:17:45,279 INFO [Thread-51][ZuulFilterInitializer.java:77] - Stopping filter initializer
[wanxinp2p-gateway-server][${env:SERVER_PORT}] 2022-04-05 06:17:45,283 INFO [Thread-51][ShutdownEnabledTimer.java:67] - Shutdown hook removed for: NFLoadBalancer-PingTimer-account-service
[wanxinp2p-gateway-server][${env:SERVER_PORT}] 2022-04-05 06:17:45,283 INFO [Thread-51][ShutdownEnabledTimer.java:72] - Exception caught (might be ok if at shutdown)
java.lang.IllegalStateException: Shutdown in progress
	at java.lang.ApplicationShutdownHooks.remove(ApplicationShutdownHooks.java:82)
	at java.lang.Runtime.removeShutdownHook(Runtime.java:239)
	at com.netflix.util.concurrent.ShutdownEnabledTimer.cancel(ShutdownEnabledTimer.java:70)
	at com.netflix.loadbalancer.BaseLoadBalancer.cancelPingTask(BaseLoadBalancer.java:632)
	at com.netflix.loadbalancer.BaseLoadBalancer.shutdown(BaseLoadBalancer.java:883)
	at com.netflix.loadbalancer.DynamicServerListLoadBalancer.shutdown(DynamicServerListLoadBalancer.java:285)
	at sun.reflect.NativeMethodAccessorImpl.invoke0(Native Method)
	at sun.reflect.NativeMethodAccessorImpl.invoke(NativeMethodAccessorImpl.java:62)
	at sun.reflect.DelegatingMethodAccessorImpl.invoke(DelegatingMethodAccessorImpl.java:43)
	at java.lang.reflect.Method.invoke(Method.java:498)
	at org.springframework.beans.factory.support.DisposableBeanAdapter.invokeCustomDestroyMethod(DisposableBeanAdapter.java:337)
	at org.springframework.beans.factory.support.DisposableBeanAdapter.destroy(DisposableBeanAdapter.java:271)
	at org.springframework.beans.factory.support.DefaultSingletonBeanRegistry.destroyBean(DefaultSingletonBeanRegistry.java:571)
	at org.springframework.beans.factory.support.DefaultSingletonBeanRegistry.destroySingleton(DefaultSingletonBeanRegistry.java:543)
	at org.springframework.beans.factory.support.DefaultListableBeanFactory.destroySingleton(DefaultListableBeanFactory.java:1055)
	at org.springframework.beans.factory.support.DefaultSingletonBeanRegistry.destroySingletons(DefaultSingletonBeanRegistry.java:504)
	at org.springframework.beans.factory.support.DefaultListableBeanFactory.destroySingletons(DefaultListableBeanFactory.java:1062)
	at org.springframework.context.support.AbstractApplicationContext.destroyBeans(AbstractApplicationContext.java:1057)
	at org.springframework.context.support.AbstractApplicationContext.doClose(AbstractApplicationContext.java:1026)
	at org.springframework.context.support.AbstractApplicationContext.close(AbstractApplicationContext.java:975)
	at org.springframework.cloud.context.named.NamedContextFactory.destroy(NamedContextFactory.java:79)
	at org.springframework.beans.factory.support.DisposableBeanAdapter.destroy(DisposableBeanAdapter.java:256)
	at org.springframework.beans.factory.support.DefaultSingletonBeanRegistry.destroyBean(DefaultSingletonBeanRegistry.java:571)
	at org.springframework.beans.factory.support.DefaultSingletonBeanRegistry.destroySingleton(DefaultSingletonBeanRegistry.java:543)
	at org.springframework.beans.factory.support.DefaultListableBeanFactory.destroySingleton(DefaultListableBeanFactory.java:1055)
	at org.springframework.beans.factory.support.DefaultSingletonBeanRegistry.destroySingletons(DefaultSingletonBeanRegistry.java:504)
	at org.springframework.beans.factory.support.DefaultListableBeanFactory.destroySingletons(DefaultListableBeanFactory.java:1062)
	at org.springframework.context.support.AbstractApplicationContext.destroyBeans(AbstractApplicationContext.java:1057)
	at org.springframework.context.support.AbstractApplicationContext.doClose(AbstractApplicationContext.java:1026)
	at org.springframework.context.support.AbstractApplicationContext$1.run(AbstractApplicationContext.java:945)
[wanxinp2p-gateway-server][${env:SERVER_PORT}] 2022-04-05 06:17:45,282 ERROR [DiscoveryClient-InstanceInfoReplicator-0][RedirectingEurekaHttpClient.java:91] - Request execution error. endpoint=DefaultEndpoint{ serviceUrl='http://localhost:53000/eureka/}
com.sun.jersey.api.client.ClientHandlerException: org.apache.http.NoHttpResponseException: localhost:53000 failed to respond
	at com.sun.jersey.client.apache4.ApacheHttpClient4Handler.handle(ApacheHttpClient4Handler.java:187)
	at com.sun.jersey.api.client.filter.GZIPContentEncodingFilter.handle(GZIPContentEncodingFilter.java:123)
	at com.netflix.discovery.EurekaIdentityHeaderFilter.handle(EurekaIdentityHeaderFilter.java:27)
	at com.sun.jersey.api.client.Client.handle(Client.java:652)
	at com.sun.jersey.api.client.WebResource.handle(WebResource.java:682)
	at com.sun.jersey.api.client.WebResource.access$200(WebResource.java:74)
	at com.sun.jersey.api.client.WebResource$Builder.post(WebResource.java:570)
	at com.netflix.discovery.shared.transport.jersey.AbstractJerseyEurekaHttpClient.register(AbstractJerseyEurekaHttpClient.java:56)
	at com.netflix.discovery.shared.transport.decorator.EurekaHttpClientDecorator$1.execute(EurekaHttpClientDecorator.java:59)
	at com.netflix.discovery.shared.transport.decorator.MetricsCollectingEurekaHttpClient.execute(MetricsCollectingEurekaHttpClient.java:73)
	at com.netflix.discovery.shared.transport.decorator.EurekaHttpClientDecorator.register(EurekaHttpClientDecorator.java:56)
	at com.netflix.discovery.shared.transport.decorator.EurekaHttpClientDecorator$1.execute(EurekaHttpClientDecorator.java:59)
	at com.netflix.discovery.shared.transport.decorator.RedirectingEurekaHttpClient.execute(RedirectingEurekaHttpClient.java:89)
	at com.netflix.discovery.shared.transport.decorator.EurekaHttpClientDecorator.register(EurekaHttpClientDecorator.java:56)
	at com.netflix.discovery.shared.transport.decorator.EurekaHttpClientDecorator$1.execute(EurekaHttpClientDecorator.java:59)
	at com.netflix.discovery.shared.transport.decorator.RetryableEurekaHttpClient.execute(RetryableEurekaHttpClient.java:120)
	at com.netflix.discovery.shared.transport.decorator.EurekaHttpClientDecorator.register(EurekaHttpClientDecorator.java:56)
	at com.netflix.discovery.shared.transport.decorator.EurekaHttpClientDecorator$1.execute(EurekaHttpClientDecorator.java:59)
	at com.netflix.discovery.shared.transport.decorator.SessionedEurekaHttpClient.execute(SessionedEurekaHttpClient.java:77)
	at com.netflix.discovery.shared.transport.decorator.EurekaHttpClientDecorator.register(EurekaHttpClientDecorator.java:56)
	at com.netflix.discovery.DiscoveryClient.register(DiscoveryClient.java:829)
	at com.netflix.discovery.InstanceInfoReplicator.run(InstanceInfoReplicator.java:121)
	at com.netflix.discovery.InstanceInfoReplicator$1.run(InstanceInfoReplicator.java:101)
	at java.util.concurrent.Executors$RunnableAdapter.call(Executors.java:511)
	at java.util.concurrent.FutureTask.run$$$capture(FutureTask.java:266)
	at java.util.concurrent.FutureTask.run(FutureTask.java)
	at java.util.concurrent.ScheduledThreadPoolExecutor$ScheduledFutureTask.access$201(ScheduledThreadPoolExecutor.java:180)
	at java.util.concurrent.ScheduledThreadPoolExecutor$ScheduledFutureTask.run(ScheduledThreadPoolExecutor.java:293)
	at java.util.concurrent.ThreadPoolExecutor.runWorker(ThreadPoolExecutor.java:1149)
	at java.util.concurrent.ThreadPoolExecutor$Worker.run(ThreadPoolExecutor.java:624)
	at java.lang.Thread.run(Thread.java:748)
Caused by: org.apache.http.NoHttpResponseException: localhost:53000 failed to respond
	at org.apache.http.impl.conn.DefaultHttpResponseParser.parseHead(DefaultHttpResponseParser.java:141)
	at org.apache.http.impl.conn.DefaultHttpResponseParser.parseHead(DefaultHttpResponseParser.java:56)
	at org.apache.http.impl.io.AbstractMessageParser.parse(AbstractMessageParser.java:259)
	at org.apache.http.impl.AbstractHttpClientConnection.receiveResponseHeader(AbstractHttpClientConnection.java:294)
	at org.apache.http.impl.conn.DefaultClientConnection.receiveResponseHeader(DefaultClientConnection.java:257)
	at org.apache.http.impl.conn.AbstractClientConnAdapter.receiveResponseHeader(AbstractClientConnAdapter.java:230)
	at org.apache.http.protocol.HttpRequestExecutor.doReceiveResponse(HttpRequestExecutor.java:273)
	at org.apache.http.protocol.HttpRequestExecutor.execute(HttpRequestExecutor.java:125)
	at org.apache.http.impl.client.DefaultRequestDirector.tryExecute(DefaultRequestDirector.java:679)
	at org.apache.http.impl.client.DefaultRequestDirector.execute(DefaultRequestDirector.java:481)
	at org.apache.http.impl.client.AbstractHttpClient.doExecute(AbstractHttpClient.java:835)
	at org.apache.http.impl.client.CloseableHttpClient.execute(CloseableHttpClient.java:118)
	at org.apache.http.impl.client.CloseableHttpClient.execute(CloseableHttpClient.java:56)
	at com.sun.jersey.client.apache4.ApacheHttpClient4Handler.handle(ApacheHttpClient4Handler.java:173)
	... 30 more
[wanxinp2p-gateway-server][${env:SERVER_PORT}] 2022-04-05 06:17:45,290 WARN [DiscoveryClient-InstanceInfoReplicator-0][RetryableEurekaHttpClient.java:130] - Request execution failed with message: org.apache.http.NoHttpResponseException: localhost:53000 failed to respond
[wanxinp2p-gateway-server][${env:SERVER_PORT}] 2022-04-05 06:17:45,294 INFO [Thread-51][ShutdownEnabledTimer.java:67] - Shutdown hook removed for: NFLoadBalancer-PingTimer-consumer-service
[wanxinp2p-gateway-server][${env:SERVER_PORT}] 2022-04-05 06:17:45,295 INFO [Thread-51][ShutdownEnabledTimer.java:72] - Exception caught (might be ok if at shutdown)
java.lang.IllegalStateException: Shutdown in progress
	at java.lang.ApplicationShutdownHooks.remove(ApplicationShutdownHooks.java:82)
	at java.lang.Runtime.removeShutdownHook(Runtime.java:239)
	at com.netflix.util.concurrent.ShutdownEnabledTimer.cancel(ShutdownEnabledTimer.java:70)
	at com.netflix.loadbalancer.BaseLoadBalancer.cancelPingTask(BaseLoadBalancer.java:632)
	at com.netflix.loadbalancer.BaseLoadBalancer.shutdown(BaseLoadBalancer.java:883)
	at com.netflix.loadbalancer.DynamicServerListLoadBalancer.shutdown(DynamicServerListLoadBalancer.java:285)
	at sun.reflect.NativeMethodAccessorImpl.invoke0(Native Method)
	at sun.reflect.NativeMethodAccessorImpl.invoke(NativeMethodAccessorImpl.java:62)
	at sun.reflect.DelegatingMethodAccessorImpl.invoke(DelegatingMethodAccessorImpl.java:43)
	at java.lang.reflect.Method.invoke(Method.java:498)
	at org.springframework.beans.factory.support.DisposableBeanAdapter.invokeCustomDestroyMethod(DisposableBeanAdapter.java:337)
	at org.springframework.beans.factory.support.DisposableBeanAdapter.destroy(DisposableBeanAdapter.java:271)
	at org.springframework.beans.factory.support.DefaultSingletonBeanRegistry.destroyBean(DefaultSingletonBeanRegistry.java:571)
	at org.springframework.beans.factory.support.DefaultSingletonBeanRegistry.destroySingleton(DefaultSingletonBeanRegistry.java:543)
	at org.springframework.beans.factory.support.DefaultListableBeanFactory.destroySingleton(DefaultListableBeanFactory.java:1055)
	at org.springframework.beans.factory.support.DefaultSingletonBeanRegistry.destroySingletons(DefaultSingletonBeanRegistry.java:504)
	at org.springframework.beans.factory.support.DefaultListableBeanFactory.destroySingletons(DefaultListableBeanFactory.java:1062)
	at org.springframework.context.support.AbstractApplicationContext.destroyBeans(AbstractApplicationContext.java:1057)
	at org.springframework.context.support.AbstractApplicationContext.doClose(AbstractApplicationContext.java:1026)
	at org.springframework.context.support.AbstractApplicationContext.close(AbstractApplicationContext.java:975)
	at org.springframework.cloud.context.named.NamedContextFactory.destroy(NamedContextFactory.java:79)
	at org.springframework.beans.factory.support.DisposableBeanAdapter.destroy(DisposableBeanAdapter.java:256)
	at org.springframework.beans.factory.support.DefaultSingletonBeanRegistry.destroyBean(DefaultSingletonBeanRegistry.java:571)
	at org.springframework.beans.factory.support.DefaultSingletonBeanRegistry.destroySingleton(DefaultSingletonBeanRegistry.java:543)
	at org.springframework.beans.factory.support.DefaultListableBeanFactory.destroySingleton(DefaultListableBeanFactory.java:1055)
	at org.springframework.beans.factory.support.DefaultSingletonBeanRegistry.destroySingletons(DefaultSingletonBeanRegistry.java:504)
	at org.springframework.beans.factory.support.DefaultListableBeanFactory.destroySingletons(DefaultListableBeanFactory.java:1062)
	at org.springframework.context.support.AbstractApplicationContext.destroyBeans(AbstractApplicationContext.java:1057)
	at org.springframework.context.support.AbstractApplicationContext.doClose(AbstractApplicationContext.java:1026)
	at org.springframework.context.support.AbstractApplicationContext$1.run(AbstractApplicationContext.java:945)
[wanxinp2p-gateway-server][${env:SERVER_PORT}] 2022-04-05 06:17:45,297 INFO [DiscoveryClient-InstanceInfoReplicator-0][DefaultRequestDirector.java:690] - I/O exception (java.net.SocketException) caught when processing request to {}->http://localhost:53000: Software caused connection abort: socket write error
[wanxinp2p-gateway-server][${env:SERVER_PORT}] 2022-04-05 06:17:45,297 INFO [DiscoveryClient-InstanceInfoReplicator-0][DefaultRequestDirector.java:700] - Retrying request to {}->http://localhost:53000
[wanxinp2p-gateway-server][${env:SERVER_PORT}] 2022-04-05 06:17:45,298 INFO [Thread-51][ExecutorConfigurationSupport.java:208] - Shutting down ExecutorService 'applicationTaskExecutor'
[wanxinp2p-gateway-server][${env:SERVER_PORT}] 2022-04-05 06:17:45,299 ERROR [DiscoveryClient-InstanceInfoReplicator-0][RedirectingEurekaHttpClient.java:83] - Request execution error. endpoint=DefaultEndpoint{ serviceUrl='http://localhost:53000/eureka/}
com.sun.jersey.api.client.ClientHandlerException: org.apache.http.client.ClientProtocolException
	at com.sun.jersey.client.apache4.ApacheHttpClient4Handler.handle(ApacheHttpClient4Handler.java:187)
	at com.sun.jersey.api.client.filter.GZIPContentEncodingFilter.handle(GZIPContentEncodingFilter.java:123)
	at com.netflix.discovery.EurekaIdentityHeaderFilter.handle(EurekaIdentityHeaderFilter.java:27)
	at com.sun.jersey.api.client.Client.handle(Client.java:652)
	at com.sun.jersey.api.client.WebResource.handle(WebResource.java:682)
	at com.sun.jersey.api.client.WebResource.access$200(WebResource.java:74)
	at com.sun.jersey.api.client.WebResource$Builder.post(WebResource.java:570)
	at com.netflix.discovery.shared.transport.jersey.AbstractJerseyEurekaHttpClient.register(AbstractJerseyEurekaHttpClient.java:56)
	at com.netflix.discovery.shared.transport.decorator.EurekaHttpClientDecorator$1.execute(EurekaHttpClientDecorator.java:59)
	at com.netflix.discovery.shared.transport.decorator.MetricsCollectingEurekaHttpClient.execute(MetricsCollectingEurekaHttpClient.java:73)
	at com.netflix.discovery.shared.transport.decorator.EurekaHttpClientDecorator.register(EurekaHttpClientDecorator.java:56)
	at com.netflix.discovery.shared.transport.decorator.EurekaHttpClientDecorator$1.execute(EurekaHttpClientDecorator.java:59)
	at com.netflix.discovery.shared.transport.decorator.RedirectingEurekaHttpClient.executeOnNewServer(RedirectingEurekaHttpClient.java:118)
	at com.netflix.discovery.shared.transport.decorator.RedirectingEurekaHttpClient.execute(RedirectingEurekaHttpClient.java:79)
	at com.netflix.discovery.shared.transport.decorator.EurekaHttpClientDecorator.register(EurekaHttpClientDecorator.java:56)
	at com.netflix.discovery.shared.transport.decorator.EurekaHttpClientDecorator$1.execute(EurekaHttpClientDecorator.java:59)
	at com.netflix.discovery.shared.transport.decorator.RetryableEurekaHttpClient.execute(RetryableEurekaHttpClient.java:120)
	at com.netflix.discovery.shared.transport.decorator.EurekaHttpClientDecorator.register(EurekaHttpClientDecorator.java:56)
	at com.netflix.discovery.shared.transport.decorator.EurekaHttpClientDecorator$1.execute(EurekaHttpClientDecorator.java:59)
	at com.netflix.discovery.shared.transport.decorator.SessionedEurekaHttpClient.execute(SessionedEurekaHttpClient.java:77)
	at com.netflix.discovery.shared.transport.decorator.EurekaHttpClientDecorator.register(EurekaHttpClientDecorator.java:56)
	at com.netflix.discovery.DiscoveryClient.register(DiscoveryClient.java:829)
	at com.netflix.discovery.InstanceInfoReplicator.run(InstanceInfoReplicator.java:121)
	at com.netflix.discovery.InstanceInfoReplicator$1.run(InstanceInfoReplicator.java:101)
	at java.util.concurrent.Executors$RunnableAdapter.call(Executors.java:511)
	at java.util.concurrent.FutureTask.run$$$capture(FutureTask.java:266)
	at java.util.concurrent.FutureTask.run(FutureTask.java)
	at java.util.concurrent.ScheduledThreadPoolExecutor$ScheduledFutureTask.access$201(ScheduledThreadPoolExecutor.java:180)
	at java.util.concurrent.ScheduledThreadPoolExecutor$ScheduledFutureTask.run(ScheduledThreadPoolExecutor.java:293)
	at java.util.concurrent.ThreadPoolExecutor.runWorker(ThreadPoolExecutor.java:1149)
	at java.util.concurrent.ThreadPoolExecutor$Worker.run(ThreadPoolExecutor.java:624)
	at java.lang.Thread.run(Thread.java:748)
Caused by: org.apache.http.client.ClientProtocolException
	at org.apache.http.impl.client.AbstractHttpClient.doExecute(AbstractHttpClient.java:839)
	at org.apache.http.impl.client.CloseableHttpClient.execute(CloseableHttpClient.java:118)
	at org.apache.http.impl.client.CloseableHttpClient.execute(CloseableHttpClient.java:56)
	at com.sun.jersey.client.apache4.ApacheHttpClient4Handler.handle(ApacheHttpClient4Handler.java:173)
	... 31 more
Caused by: org.apache.http.client.NonRepeatableRequestException: Cannot retry request with a non-repeatable request entity.  The cause lists the reason the original request failed.
	at org.apache.http.impl.client.DefaultRequestDirector.tryExecute(DefaultRequestDirector.java:653)
	at org.apache.http.impl.client.DefaultRequestDirector.execute(DefaultRequestDirector.java:481)
	at org.apache.http.impl.client.AbstractHttpClient.doExecute(AbstractHttpClient.java:835)
	... 34 more
Caused by: java.net.SocketException: Software caused connection abort: socket write error
	at java.net.SocketOutputStream.socketWrite0(Native Method)
	at java.net.SocketOutputStream.socketWrite(SocketOutputStream.java:111)
	at java.net.SocketOutputStream.write(SocketOutputStream.java:155)
	at org.apache.http.impl.io.AbstractSessionOutputBuffer.flushBuffer(AbstractSessionOutputBuffer.java:160)
	at org.apache.http.impl.io.AbstractSessionOutputBuffer.flush(AbstractSessionOutputBuffer.java:168)
	at org.apache.http.impl.io.ChunkedOutputStream.flush(ChunkedOutputStream.java:192)
	at com.fasterxml.jackson.core.json.UTF8JsonGenerator.flush(UTF8JsonGenerator.java:1100)
	at com.fasterxml.jackson.databind.ObjectMapper.writeValue(ObjectMapper.java:2657)
	at com.fasterxml.jackson.core.base.GeneratorBase.writeObject(GeneratorBase.java:381)
	at com.fasterxml.jackson.core.JsonGenerator.writeObjectField(JsonGenerator.java:1726)
	at com.netflix.discovery.converters.EurekaJacksonCodec$InstanceInfoSerializer.serialize(EurekaJacksonCodec.java:371)
	at com.netflix.discovery.converters.EurekaJacksonCodec$InstanceInfoSerializer.serialize(EurekaJacksonCodec.java:327)
	at com.fasterxml.jackson.databind.ser.DefaultSerializerProvider._serialize(DefaultSerializerProvider.java:468)
	at com.fasterxml.jackson.databind.ser.DefaultSerializerProvider.serializeValue(DefaultSerializerProvider.java:397)
	at com.fasterxml.jackson.databind.ObjectWriter$Prefetch.serialize(ObjectWriter.java:1392)
	at com.fasterxml.jackson.databind.ObjectWriter._configAndWriteValue(ObjectWriter.java:1120)
	at com.fasterxml.jackson.databind.ObjectWriter.writeValue(ObjectWriter.java:950)
	at com.netflix.discovery.converters.EurekaJacksonCodec.writeTo(EurekaJacksonCodec.java:221)
	at com.netflix.discovery.converters.wrappers.CodecWrappers$LegacyJacksonJson.encode(CodecWrappers.java:304)
	at com.netflix.discovery.provider.DiscoveryJerseyProvider.writeTo(DiscoveryJerseyProvider.java:135)
	at com.sun.jersey.api.client.RequestWriter$RequestEntityWriterImpl.writeRequestEntity(RequestWriter.java:231)
	at com.sun.jersey.client.apache4.ApacheHttpClient4Handler$2.writeTo(ApacheHttpClient4Handler.java:289)
	at org.apache.http.entity.HttpEntityWrapper.writeTo(HttpEntityWrapper.java:96)
	at org.apache.http.impl.client.EntityEnclosingRequestWrapper$EntityWrapper.writeTo(EntityEnclosingRequestWrapper.java:110)
	at org.apache.http.impl.entity.EntitySerializer.serialize(EntitySerializer.java:118)
	at org.apache.http.impl.AbstractHttpClientConnection.sendRequestEntity(AbstractHttpClientConnection.java:274)
	at org.apache.http.impl.conn.AbstractClientConnAdapter.sendRequestEntity(AbstractClientConnAdapter.java:239)
	at org.apache.http.protocol.HttpRequestExecutor.doSendRequest(HttpRequestExecutor.java:238)
	at org.apache.http.protocol.HttpRequestExecutor.execute(HttpRequestExecutor.java:123)
	at org.apache.http.impl.client.DefaultRequestDirector.tryExecute(DefaultRequestDirector.java:679)
	... 36 more
	Suppressed: java.net.SocketException: Software caused connection abort: socket write error
		at java.net.SocketOutputStream.socketWrite0(Native Method)
		at java.net.SocketOutputStream.socketWrite(SocketOutputStream.java:111)
		at java.net.SocketOutputStream.write(SocketOutputStream.java:155)
		at org.apache.http.impl.io.AbstractSessionOutputBuffer.flushBuffer(AbstractSessionOutputBuffer.java:160)
		at org.apache.http.impl.io.AbstractSessionOutputBuffer.flush(AbstractSessionOutputBuffer.java:168)
		at org.apache.http.impl.io.ChunkedOutputStream.close(ChunkedOutputStream.java:203)
		at com.fasterxml.jackson.core.json.UTF8JsonGenerator.close(UTF8JsonGenerator.java:1138)
		at com.fasterxml.jackson.databind.util.ClassUtil.closeOnFailAndThrowAsIOE(ClassUtil.java:488)
		at com.fasterxml.jackson.databind.ObjectWriter._configAndWriteValue(ObjectWriter.java:1122)
		... 50 more
[wanxinp2p-gateway-server][${env:SERVER_PORT}] 2022-04-05 06:17:45,305 WARN [DiscoveryClient-InstanceInfoReplicator-0][RetryableEurekaHttpClient.java:130] - Request execution failed with message: org.apache.http.client.ClientProtocolException
[wanxinp2p-gateway-server][${env:SERVER_PORT}] 2022-04-05 06:17:45,306 WARN [DiscoveryClient-InstanceInfoReplicator-0][DiscoveryClient.java:831] - DiscoveryClient_GATEWAY-SERVER/gateway-server:192.168.56.1:53010 - registration failed Cannot execute request on any known server
com.netflix.discovery.shared.transport.TransportException: Cannot execute request on any known server
	at com.netflix.discovery.shared.transport.decorator.RetryableEurekaHttpClient.execute(RetryableEurekaHttpClient.java:112)
	at com.netflix.discovery.shared.transport.decorator.EurekaHttpClientDecorator.register(EurekaHttpClientDecorator.java:56)
	at com.netflix.discovery.shared.transport.decorator.EurekaHttpClientDecorator$1.execute(EurekaHttpClientDecorator.java:59)
	at com.netflix.discovery.shared.transport.decorator.SessionedEurekaHttpClient.execute(SessionedEurekaHttpClient.java:77)
	at com.netflix.discovery.shared.transport.decorator.EurekaHttpClientDecorator.register(EurekaHttpClientDecorator.java:56)
	at com.netflix.discovery.DiscoveryClient.register(DiscoveryClient.java:829)
	at com.netflix.discovery.InstanceInfoReplicator.run(InstanceInfoReplicator.java:121)
	at com.netflix.discovery.InstanceInfoReplicator$1.run(InstanceInfoReplicator.java:101)
	at java.util.concurrent.Executors$RunnableAdapter.call(Executors.java:511)
	at java.util.concurrent.FutureTask.run$$$capture(FutureTask.java:266)
	at java.util.concurrent.FutureTask.run(FutureTask.java)
	at java.util.concurrent.ScheduledThreadPoolExecutor$ScheduledFutureTask.access$201(ScheduledThreadPoolExecutor.java:180)
	at java.util.concurrent.ScheduledThreadPoolExecutor$ScheduledFutureTask.run(ScheduledThreadPoolExecutor.java:293)
	at java.util.concurrent.ThreadPoolExecutor.runWorker(ThreadPoolExecutor.java:1149)
	at java.util.concurrent.ThreadPoolExecutor$Worker.run(ThreadPoolExecutor.java:624)
	at java.lang.Thread.run(Thread.java:748)
[wanxinp2p-gateway-server][${env:SERVER_PORT}] 2022-04-05 06:17:45,307 WARN [DiscoveryClient-InstanceInfoReplicator-0][InstanceInfoReplicator.java:125] - There was a problem with the instance info replicator
com.netflix.discovery.shared.transport.TransportException: Cannot execute request on any known server
	at com.netflix.discovery.shared.transport.decorator.RetryableEurekaHttpClient.execute(RetryableEurekaHttpClient.java:112)
	at com.netflix.discovery.shared.transport.decorator.EurekaHttpClientDecorator.register(EurekaHttpClientDecorator.java:56)
	at com.netflix.discovery.shared.transport.decorator.EurekaHttpClientDecorator$1.execute(EurekaHttpClientDecorator.java:59)
	at com.netflix.discovery.shared.transport.decorator.SessionedEurekaHttpClient.execute(SessionedEurekaHttpClient.java:77)
	at com.netflix.discovery.shared.transport.decorator.EurekaHttpClientDecorator.register(EurekaHttpClientDecorator.java:56)
	at com.netflix.discovery.DiscoveryClient.register(DiscoveryClient.java:829)
	at com.netflix.discovery.InstanceInfoReplicator.run(InstanceInfoReplicator.java:121)
	at com.netflix.discovery.InstanceInfoReplicator$1.run(InstanceInfoReplicator.java:101)
	at java.util.concurrent.Executors$RunnableAdapter.call(Executors.java:511)
	at java.util.concurrent.FutureTask.run$$$capture(FutureTask.java:266)
	at java.util.concurrent.FutureTask.run(FutureTask.java)
	at java.util.concurrent.ScheduledThreadPoolExecutor$ScheduledFutureTask.access$201(ScheduledThreadPoolExecutor.java:180)
	at java.util.concurrent.ScheduledThreadPoolExecutor$ScheduledFutureTask.run(ScheduledThreadPoolExecutor.java:293)
	at java.util.concurrent.ThreadPoolExecutor.runWorker(ThreadPoolExecutor.java:1149)
	at java.util.concurrent.ThreadPoolExecutor$Worker.run(ThreadPoolExecutor.java:624)
	at java.lang.Thread.run(Thread.java:748)
[wanxinp2p-gateway-server][${env:SERVER_PORT}] 2022-04-05 06:17:46,428 INFO [Thread-51][DiscoveryClient.java:888] - Shutting down DiscoveryClient ...
[wanxinp2p-gateway-server][${env:SERVER_PORT}] 2022-04-05 06:17:49,429 INFO [Thread-51][DiscoveryClient.java:922] - Unregistering ...
[wanxinp2p-gateway-server][${env:SERVER_PORT}] 2022-04-05 06:17:53,448 ERROR [Thread-51][RedirectingEurekaHttpClient.java:83] - Request execution error. endpoint=DefaultEndpoint{ serviceUrl='http://localhost:53000/eureka/}
com.sun.jersey.api.client.ClientHandlerException: java.net.ConnectException: Connection refused: connect
	at com.sun.jersey.client.apache4.ApacheHttpClient4Handler.handle(ApacheHttpClient4Handler.java:187)
	at com.sun.jersey.api.client.filter.GZIPContentEncodingFilter.handle(GZIPContentEncodingFilter.java:123)
	at com.netflix.discovery.EurekaIdentityHeaderFilter.handle(EurekaIdentityHeaderFilter.java:27)
	at com.sun.jersey.api.client.Client.handle(Client.java:652)
	at com.sun.jersey.api.client.WebResource.handle(WebResource.java:682)
	at com.sun.jersey.api.client.WebResource.access$200(WebResource.java:74)
	at com.sun.jersey.api.client.WebResource$Builder.delete(WebResource.java:591)
	at com.netflix.discovery.shared.transport.jersey.AbstractJerseyEurekaHttpClient.cancel(AbstractJerseyEurekaHttpClient.java:76)
	at com.netflix.discovery.shared.transport.decorator.EurekaHttpClientDecorator$2.execute(EurekaHttpClientDecorator.java:74)
	at com.netflix.discovery.shared.transport.decorator.MetricsCollectingEurekaHttpClient.execute(MetricsCollectingEurekaHttpClient.java:73)
	at com.netflix.discovery.shared.transport.decorator.EurekaHttpClientDecorator.cancel(EurekaHttpClientDecorator.java:71)
	at com.netflix.discovery.shared.transport.decorator.EurekaHttpClientDecorator$2.execute(EurekaHttpClientDecorator.java:74)
	at com.netflix.discovery.shared.transport.decorator.RedirectingEurekaHttpClient.executeOnNewServer(RedirectingEurekaHttpClient.java:118)
	at com.netflix.discovery.shared.transport.decorator.RedirectingEurekaHttpClient.execute(RedirectingEurekaHttpClient.java:79)
	at com.netflix.discovery.shared.transport.decorator.EurekaHttpClientDecorator.cancel(EurekaHttpClientDecorator.java:71)
	at com.netflix.discovery.shared.transport.decorator.EurekaHttpClientDecorator$2.execute(EurekaHttpClientDecorator.java:74)
	at com.netflix.discovery.shared.transport.decorator.RetryableEurekaHttpClient.execute(RetryableEurekaHttpClient.java:120)
	at com.netflix.discovery.shared.transport.decorator.EurekaHttpClientDecorator.cancel(EurekaHttpClientDecorator.java:71)
	at com.netflix.discovery.shared.transport.decorator.EurekaHttpClientDecorator$2.execute(EurekaHttpClientDecorator.java:74)
	at com.netflix.discovery.shared.transport.decorator.SessionedEurekaHttpClient.execute(SessionedEurekaHttpClient.java:77)
	at com.netflix.discovery.shared.transport.decorator.EurekaHttpClientDecorator.cancel(EurekaHttpClientDecorator.java:71)
	at com.netflix.discovery.DiscoveryClient.unregister(DiscoveryClient.java:923)
	at com.netflix.discovery.DiscoveryClient.shutdown(DiscoveryClient.java:901)
	at sun.reflect.NativeMethodAccessorImpl.invoke0(Native Method)
	at sun.reflect.NativeMethodAccessorImpl.invoke(NativeMethodAccessorImpl.java:62)
	at sun.reflect.DelegatingMethodAccessorImpl.invoke(DelegatingMethodAccessorImpl.java:43)
	at java.lang.reflect.Method.invoke(Method.java:498)
	at org.springframework.beans.factory.annotation.InitDestroyAnnotationBeanPostProcessor$LifecycleElement.invoke(InitDestroyAnnotationBeanPostProcessor.java:363)
	at org.springframework.beans.factory.annotation.InitDestroyAnnotationBeanPostProcessor$LifecycleMetadata.invokeDestroyMethods(InitDestroyAnnotationBeanPostProcessor.java:321)
	at org.springframework.beans.factory.annotation.InitDestroyAnnotationBeanPostProcessor.postProcessBeforeDestruction(InitDestroyAnnotationBeanPostProcessor.java:156)
	at org.springframework.beans.factory.support.DisposableBeanAdapter.destroy(DisposableBeanAdapter.java:240)
	at org.springframework.beans.factory.support.DisposableBeanAdapter.run(DisposableBeanAdapter.java:233)
	at org.springframework.cloud.context.scope.GenericScope$BeanLifecycleWrapper.destroy(GenericScope.java:404)
	at org.springframework.cloud.context.scope.GenericScope.destroy(GenericScope.java:139)
	at org.springframework.beans.factory.support.DisposableBeanAdapter.destroy(DisposableBeanAdapter.java:256)
	at org.springframework.beans.factory.support.DefaultSingletonBeanRegistry.destroyBean(DefaultSingletonBeanRegistry.java:571)
	at org.springframework.beans.factory.support.DefaultSingletonBeanRegistry.destroySingleton(DefaultSingletonBeanRegistry.java:543)
	at org.springframework.beans.factory.support.DefaultListableBeanFactory.destroySingleton(DefaultListableBeanFactory.java:1055)
	at org.springframework.beans.factory.support.DefaultSingletonBeanRegistry.destroySingletons(DefaultSingletonBeanRegistry.java:504)
	at org.springframework.beans.factory.support.DefaultListableBeanFactory.destroySingletons(DefaultListableBeanFactory.java:1062)
	at org.springframework.context.support.AbstractApplicationContext.destroyBeans(AbstractApplicationContext.java:1057)
	at org.springframework.context.support.AbstractApplicationContext.doClose(AbstractApplicationContext.java:1026)
	at org.springframework.context.support.AbstractApplicationContext$1.run(AbstractApplicationContext.java:945)
Caused by: java.net.ConnectException: Connection refused: connect
	at java.net.DualStackPlainSocketImpl.waitForConnect(Native Method)
	at java.net.DualStackPlainSocketImpl.socketConnect(DualStackPlainSocketImpl.java:81)
	at java.net.AbstractPlainSocketImpl.doConnect(AbstractPlainSocketImpl.java:476)
	at java.net.AbstractPlainSocketImpl.connectToAddress(AbstractPlainSocketImpl.java:218)
	at java.net.AbstractPlainSocketImpl.connect(AbstractPlainSocketImpl.java:200)
	at java.net.PlainSocketImpl.connect(PlainSocketImpl.java:162)
	at java.net.SocksSocketImpl.connect(SocksSocketImpl.java:394)
	at java.net.Socket.connect(Socket.java:606)
	at org.apache.http.conn.scheme.PlainSocketFactory.connectSocket(PlainSocketFactory.java:121)
	at org.apache.http.impl.conn.DefaultClientConnectionOperator.openConnection(DefaultClientConnectionOperator.java:180)
	at org.apache.http.impl.conn.AbstractPoolEntry.open(AbstractPoolEntry.java:144)
	at org.apache.http.impl.conn.AbstractPooledConnAdapter.open(AbstractPooledConnAdapter.java:134)
	at org.apache.http.impl.client.DefaultRequestDirector.tryConnect(DefaultRequestDirector.java:605)
	at org.apache.http.impl.client.DefaultRequestDirector.execute(DefaultRequestDirector.java:440)
	at org.apache.http.impl.client.AbstractHttpClient.doExecute(AbstractHttpClient.java:835)
	at org.apache.http.impl.client.CloseableHttpClient.execute(CloseableHttpClient.java:118)
	at org.apache.http.impl.client.CloseableHttpClient.execute(CloseableHttpClient.java:56)
	at com.sun.jersey.client.apache4.ApacheHttpClient4Handler.handle(ApacheHttpClient4Handler.java:173)
	... 42 more
[wanxinp2p-gateway-server][${env:SERVER_PORT}] 2022-04-05 06:17:53,449 WARN [Thread-51][RetryableEurekaHttpClient.java:130] - Request execution failed with message: java.net.ConnectException: Connection refused: connect
[wanxinp2p-gateway-server][${env:SERVER_PORT}] 2022-04-05 06:17:53,449 ERROR [Thread-51][DiscoveryClient.java:926] - DiscoveryClient_GATEWAY-SERVER/gateway-server:192.168.56.1:53010 - de-registration failedCannot execute request on any known server
com.netflix.discovery.shared.transport.TransportException: Cannot execute request on any known server
	at com.netflix.discovery.shared.transport.decorator.RetryableEurekaHttpClient.execute(RetryableEurekaHttpClient.java:112)
	at com.netflix.discovery.shared.transport.decorator.EurekaHttpClientDecorator.cancel(EurekaHttpClientDecorator.java:71)
	at com.netflix.discovery.shared.transport.decorator.EurekaHttpClientDecorator$2.execute(EurekaHttpClientDecorator.java:74)
	at com.netflix.discovery.shared.transport.decorator.SessionedEurekaHttpClient.execute(SessionedEurekaHttpClient.java:77)
	at com.netflix.discovery.shared.transport.decorator.EurekaHttpClientDecorator.cancel(EurekaHttpClientDecorator.java:71)
	at com.netflix.discovery.DiscoveryClient.unregister(DiscoveryClient.java:923)
	at com.netflix.discovery.DiscoveryClient.shutdown(DiscoveryClient.java:901)
	at sun.reflect.NativeMethodAccessorImpl.invoke0(Native Method)
	at sun.reflect.NativeMethodAccessorImpl.invoke(NativeMethodAccessorImpl.java:62)
	at sun.reflect.DelegatingMethodAccessorImpl.invoke(DelegatingMethodAccessorImpl.java:43)
	at java.lang.reflect.Method.invoke(Method.java:498)
	at org.springframework.beans.factory.annotation.InitDestroyAnnotationBeanPostProcessor$LifecycleElement.invoke(InitDestroyAnnotationBeanPostProcessor.java:363)
	at org.springframework.beans.factory.annotation.InitDestroyAnnotationBeanPostProcessor$LifecycleMetadata.invokeDestroyMethods(InitDestroyAnnotationBeanPostProcessor.java:321)
	at org.springframework.beans.factory.annotation.InitDestroyAnnotationBeanPostProcessor.postProcessBeforeDestruction(InitDestroyAnnotationBeanPostProcessor.java:156)
	at org.springframework.beans.factory.support.DisposableBeanAdapter.destroy(DisposableBeanAdapter.java:240)
	at org.springframework.beans.factory.support.DisposableBeanAdapter.run(DisposableBeanAdapter.java:233)
	at org.springframework.cloud.context.scope.GenericScope$BeanLifecycleWrapper.destroy(GenericScope.java:404)
	at org.springframework.cloud.context.scope.GenericScope.destroy(GenericScope.java:139)
	at org.springframework.beans.factory.support.DisposableBeanAdapter.destroy(DisposableBeanAdapter.java:256)
	at org.springframework.beans.factory.support.DefaultSingletonBeanRegistry.destroyBean(DefaultSingletonBeanRegistry.java:571)
	at org.springframework.beans.factory.support.DefaultSingletonBeanRegistry.destroySingleton(DefaultSingletonBeanRegistry.java:543)
	at org.springframework.beans.factory.support.DefaultListableBeanFactory.destroySingleton(DefaultListableBeanFactory.java:1055)
	at org.springframework.beans.factory.support.DefaultSingletonBeanRegistry.destroySingletons(DefaultSingletonBeanRegistry.java:504)
	at org.springframework.beans.factory.support.DefaultListableBeanFactory.destroySingletons(DefaultListableBeanFactory.java:1062)
	at org.springframework.context.support.AbstractApplicationContext.destroyBeans(AbstractApplicationContext.java:1057)
	at org.springframework.context.support.AbstractApplicationContext.doClose(AbstractApplicationContext.java:1026)
	at org.springframework.context.support.AbstractApplicationContext$1.run(AbstractApplicationContext.java:945)
[wanxinp2p-gateway-server][${env:SERVER_PORT}] 2022-04-05 06:17:53,454 INFO [Thread-51][DiscoveryClient.java:911] - Completed shut down of DiscoveryClient
